# JRE version: Java(TM) SE Runtime Environment (8.0_202-b08) (build 1.8.0_202-b08)
# Java VM: Java HotSpot(TM) 64-Bit Server VM (25.202-b08 mixed mode windows-amd64 compressed oops)
Heap:
 PSYoungGen      total 651264K, used 449623K [0x00000000d6600000, 0x0000000100000000, 0x0000000100000000)
  eden space 620544K, 72% used [0x00000000d6600000,0x00000000f1d15e18,0x00000000fc400000)
  from space 30720K, 0% used [0x00000000fc400000,0x00000000fc400000,0x00000000fe200000)
  to   space 30720K, 0% used [0x00000000fe200000,0x00000000fe200000,0x0000000100000000)
 ParOldGen       total 113664K, used 49354K [0x0000000083200000, 0x000000008a100000, 0x00000000d6600000)
  object space 113664K, 43% used [0x0000000083200000,0x0000000086232960,0x000000008a100000)
 Metaspace       used 22074K, capacity 22264K, committed 22656K, reserved 1069056K
  class space    used 2054K, capacity 2121K, committed 2176K, reserved 1048576K
GC Heap History (10 events):
Event: 5.918 GC heap before
{Heap before GC invocations=14 (full 0):
 PSYoungGen      total 631808K, used 631760K [0x00000000d6600000, 0x00000000ff700000, 0x0000000100000000)
  eden space 631296K, 100% used [0x00000000d6600000,0x00000000fce80000,0x00000000fce80000)
  from space 512K, 90% used [0x00000000fed00000,0x00000000fed74010,0x00000000fed80000)
  to   space 9728K, 0% used [0x00000000fed80000,0x00000000fed80000,0x00000000ff700000)
 ParOldGen       total 86016K, used 15826K [0x0000000083200000, 0x0000000088600000, 0x00000000d6600000)
  object space 86016K, 18% used [0x0000000083200000,0x0000000084174b20,0x0000000088600000)
 Metaspace       used 19495K, capacity 19648K, committed 19968K, reserved 1067008K
  class space    used 1901K, capacity 1959K, committed 2048K, reserved 1048576K
Event: 5.920 GC heap after
Heap after GC invocations=14 (full 0):
 PSYoungGen      total 603648K, used 1931K [0x00000000d6600000, 0x00000000fef80000, 0x0000000100000000)
  eden space 601600K, 0% used [0x00000000d6600000,0x00000000d6600000,0x00000000fb180000)
  from space 2048K, 94% used [0x00000000fed80000,0x00000000fef62e08,0x00000000fef80000)
  to   space 10240K, 0% used [0x00000000fdb80000,0x00000000fdb80000,0x00000000fe580000)
 ParOldGen       total 86016K, used 16186K [0x0000000083200000, 0x0000000088600000, 0x00000000d6600000)
  object space 86016K, 18% used [0x0000000083200000,0x00000000841ceb20,0x0000000088600000)
 Metaspace       used 19495K, capacity 19648K, committed 19968K, reserved 1067008K
  class space    used 1901K, capacity 1959K, committed 2048K, reserved 1048576K
}
Event: 6.330 GC heap before
{Heap before GC invocations=15 (full 0):
 PSYoungGen      total 603648K, used 603531K [0x00000000d6600000, 0x00000000fef80000, 0x0000000100000000)
  eden space 601600K, 100% used [0x00000000d6600000,0x00000000fb180000,0x00000000fb180000)
  from space 2048K, 94% used [0x00000000fed80000,0x00000000fef62e08,0x00000000fef80000)
  to   space 10240K, 0% used [0x00000000fdb80000,0x00000000fdb80000,0x00000000fe580000)
 ParOldGen       total 86016K, used 16186K [0x0000000083200000, 0x0000000088600000, 0x00000000d6600000)
  object space 86016K, 18% used [0x0000000083200000,0x00000000841ceb20,0x0000000088600000)
 Metaspace       used 19530K, capacity 19712K, committed 19968K, reserved 1067008K
  class space    used 1901K, capacity 1959K, committed 2048K, reserved 1048576K
Event: 6.356 GC heap after
Heap after GC invocations=15 (full 0):
 PSYoungGen      total 654848K, used 10210K [0x00000000d6600000, 0x0000000100000000, 0x0000000100000000)
  eden space 644608K, 0% used [0x00000000d6600000,0x00000000d6600000,0x00000000fdb80000)
  from space 10240K, 99% used [0x00000000fdb80000,0x00000000fe5788a0,0x00000000fe580000)
  to   space 20992K, 0% used [0x00000000feb80000,0x00000000feb80000,0x0000000100000000)
 ParOldGen       total 86016K, used 40951K [0x0000000083200000, 0x0000000088600000, 0x00000000d6600000)
  object space 86016K, 47% used [0x0000000083200000,0x00000000859fddf0,0x0000000088600000)
 Metaspace       used 19530K, capacity 19712K, committed 19968K, reserved 1067008K
  class space    used 1901K, capacity 1959K, committed 2048K, reserved 1048576K
}
Event: 6.695 GC heap before
{Heap before GC invocations=16 (full 0):
 PSYoungGen      total 654848K, used 654818K [0x00000000d6600000, 0x0000000100000000, 0x0000000100000000)
  eden space 644608K, 100% used [0x00000000d6600000,0x00000000fdb80000,0x00000000fdb80000)
  from space 10240K, 99% used [0x00000000fdb80000,0x00000000fe5788a0,0x00000000fe580000)
  to   space 20992K, 0% used [0x00000000feb80000,0x00000000feb80000,0x0000000100000000)
 ParOldGen       total 86016K, used 40951K [0x0000000083200000, 0x0000000088600000, 0x00000000d6600000)
  object space 86016K, 47% used [0x0000000083200000,0x00000000859fddf0,0x0000000088600000)
 Metaspace       used 19530K, capacity 19712K, committed 19968K, reserved 1067008K
  class space    used 1901K, capacity 1959K, committed 2048K, reserved 1048576K
Event: 6.717 GC heap after
Heap after GC invocations=16 (full 0):
 PSYoungGen      total 641536K, used 20981K [0x00000000d6600000, 0x0000000100000000, 0x0000000100000000)
  eden space 620544K, 0% used [0x00000000d6600000,0x00000000d6600000,0x00000000fc400000)
  from space 20992K, 99% used [0x00000000feb80000,0x00000000ffffd5e8,0x0000000100000000)
  to   space 30720K, 0% used [0x00000000fc400000,0x00000000fc400000,0x00000000fe200000)
 ParOldGen       total 86016K, used 56775K [0x0000000083200000, 0x0000000088600000, 0x00000000d6600000)
  object space 86016K, 66% used [0x0000000083200000,0x0000000086971d90,0x0000000088600000)
 Metaspace       used 19530K, capacity 19712K, committed 19968K, reserved 1067008K
  class space    used 1901K, capacity 1959K, committed 2048K, reserved 1048576K
}
Event: 6.996 GC heap before
{Heap before GC invocations=17 (full 0):
 PSYoungGen      total 641536K, used 641525K [0x00000000d6600000, 0x0000000100000000, 0x0000000100000000)
  eden space 620544K, 100% used [0x00000000d6600000,0x00000000fc400000,0x00000000fc400000)
  from space 20992K, 99% used [0x00000000feb80000,0x00000000ffffd5e8,0x0000000100000000)
  to   space 30720K, 0% used [0x00000000fc400000,0x00000000fc400000,0x00000000fe200000)
 ParOldGen       total 86016K, used 56775K [0x0000000083200000, 0x0000000088600000, 0x00000000d6600000)
  object space 86016K, 66% used [0x0000000083200000,0x0000000086971d90,0x0000000088600000)
 Metaspace       used 19559K, capacity 19712K, committed 19968K, reserved 1067008K
  class space    used 1905K, capacity 1959K, committed 2048K, reserved 1048576K
Event: 7.029 GC heap after
Heap after GC invocations=17 (full 0):
 PSYoungGen      total 651264K, used 30706K [0x00000000d6600000, 0x0000000100000000, 0x0000000100000000)
  eden space 620544K, 0% used [0x00000000d6600000,0x00000000d6600000,0x00000000fc400000)
  from space 30720K, 99% used [0x00000000fc400000,0x00000000fe1fcbf0,0x00000000fe200000)
  to   space 30720K, 0% used [0x00000000fe200000,0x00000000fe200000,0x0000000100000000)
 ParOldGen       total 86016K, used 79243K [0x0000000083200000, 0x0000000088600000, 0x00000000d6600000)
  object space 86016K, 92% used [0x0000000083200000,0x0000000087f62c50,0x0000000088600000)
 Metaspace       used 19559K, capacity 19712K, committed 19968K, reserved 1067008K
  class space    used 1905K, capacity 1959K, committed 2048K, reserved 1048576K
}
Event: 7.030 GC heap before
{Heap before GC invocations=18 (full 1):
 PSYoungGen      total 651264K, used 30706K [0x00000000d6600000, 0x0000000100000000, 0x0000000100000000)
  eden space 620544K, 0% used [0x00000000d6600000,0x00000000d6600000,0x00000000fc400000)
  from space 30720K, 99% used [0x00000000fc400000,0x00000000fe1fcbf0,0x00000000fe200000)
  to   space 30720K, 0% used [0x00000000fe200000,0x00000000fe200000,0x0000000100000000)
 ParOldGen       total 86016K, used 79243K [0x0000000083200000, 0x0000000088600000, 0x00000000d6600000)
  object space 86016K, 92% used [0x0000000083200000,0x0000000087f62c50,0x0000000088600000)
 Metaspace       used 19559K, capacity 19712K, committed 19968K, reserved 1067008K
  class space    used 1905K, capacity 1959K, committed 2048K, reserved 1048576K
Event: 7.182 GC heap after
Heap after GC invocations=18 (full 1):
 PSYoungGen      total 651264K, used 0K [0x00000000d6600000, 0x0000000100000000, 0x0000000100000000)
  eden space 620544K, 0% used [0x00000000d6600000,0x00000000d6600000,0x00000000fc400000)
  from space 30720K, 0% used [0x00000000fc400000,0x00000000fc400000,0x00000000fe200000)
  to   space 30720K, 0% used [0x00000000fe200000,0x00000000fe200000,0x0000000100000000)
 ParOldGen       total 113664K, used 49354K [0x0000000083200000, 0x000000008a100000, 0x00000000d6600000)
  object space 113664K, 43% used [0x0000000083200000,0x0000000086232960,0x000000008a100000)
 Metaspace       used 19559K, capacity 19712K, committed 19968K, reserved 1067008K
  class space    used 1905K, capacity 1959K, committed 2048K, reserved 1048576K
}

