# JRE version: Java(TM) SE Runtime Environment (8.0_202-b08) (build 1.8.0_202-b08)
# Java VM: Java HotSpot(TM) 64-Bit Server VM (25.202-b08 mixed mode windows-amd64 compressed oops)
Heap:
 PSYoungGen      total 1323520K, used 142854K [0x000000076c580000, 0x00000007c0000000, 0x00000007c0000000)
  eden space 1281024K, 11% used [0x000000076c580000,0x0000000775101bd8,0x00000007ba880000)
  from space 42496K, 0% used [0x00000007ba880000,0x00000007ba880000,0x00000007bd200000)
  to   space 47104K, 0% used [0x00000007bd200000,0x00000007bd200000,0x00000007c0000000)
 ParOldGen       total 173056K, used 73572K [0x00000006c5000000, 0x00000006cf900000, 0x000000076c580000)
  object space 173056K, 42% used [0x00000006c5000000,0x00000006c97d90f0,0x00000006cf900000)
 Metaspace       used 22319K, capacity 22522K, committed 22912K, reserved 1071104K
  class space    used 2058K, capacity 2124K, committed 2176K, reserved 1048576K
GC Heap History (10 events):
Event: 10.219 GC heap before
{Heap before GC invocations=12 (full 0):
 PSYoungGen      total 838656K, used 826102K [0x000000076c580000, 0x00000007bea80000, 0x00000007c0000000)
  eden space 824320K, 100% used [0x000000076c580000,0x000000079ea80000,0x000000079ea80000)
  from space 14336K, 12% used [0x000000079ea80000,0x000000079ec3d918,0x000000079f880000)
  to   space 14848K, 0% used [0x00000007bdc00000,0x00000007bdc00000,0x00000007bea80000)
 ParOldGen       total 172032K, used 10438K [0x00000006c5000000, 0x00000006cf800000, 0x000000076c580000)
  object space 172032K, 6% used [0x00000006c5000000,0x00000006c5a319d0,0x00000006cf800000)
 Metaspace       used 19854K, capacity 20042K, committed 20480K, reserved 1067008K
  class space    used 1902K, capacity 1962K, committed 2048K, reserved 1048576K
Event: 10.224 GC heap after
Heap after GC invocations=12 (full 0):
 PSYoungGen      total 790528K, used 3852K [0x000000076c580000, 0x00000007be000000, 0x00000007c0000000)
  eden space 786432K, 0% used [0x000000076c580000,0x000000076c580000,0x000000079c580000)
  from space 4096K, 94% used [0x00000007bdc00000,0x00000007bdfc3048,0x00000007be000000)
  to   space 14336K, 0% used [0x00000007bc400000,0x00000007bc400000,0x00000007bd200000)
 ParOldGen       total 172032K, used 10942K [0x00000006c5000000, 0x00000006cf800000, 0x000000076c580000)
  object space 172032K, 6% used [0x00000006c5000000,0x00000006c5aaf9d0,0x00000006cf800000)
 Metaspace       used 19854K, capacity 20042K, committed 20480K, reserved 1067008K
  class space    used 1902K, capacity 1962K, committed 2048K, reserved 1048576K
}
Event: 11.144 GC heap before
{Heap before GC invocations=13 (full 0):
 PSYoungGen      total 790528K, used 790284K [0x000000076c580000, 0x00000007be000000, 0x00000007c0000000)
  eden space 786432K, 100% used [0x000000076c580000,0x000000079c580000,0x000000079c580000)
  from space 4096K, 94% used [0x00000007bdc00000,0x00000007bdfc3048,0x00000007be000000)
  to   space 14336K, 0% used [0x00000007bc400000,0x00000007bc400000,0x00000007bd200000)
 ParOldGen       total 172032K, used 10942K [0x00000006c5000000, 0x00000006cf800000, 0x000000076c580000)
  object space 172032K, 6% used [0x00000006c5000000,0x00000006c5aaf9d0,0x00000006cf800000)
 Metaspace       used 19887K, capacity 20042K, committed 20480K, reserved 1067008K
  class space    used 1906K, capacity 1962K, committed 2048K, reserved 1048576K
Event: 11.213 GC heap after
Heap after GC invocations=13 (full 0):
 PSYoungGen      total 1272832K, used 14332K [0x000000076c580000, 0x00000007be680000, 0x00000007c0000000)
  eden space 1258496K, 0% used [0x000000076c580000,0x000000076c580000,0x00000007b9280000)
  from space 14336K, 99% used [0x00000007bc400000,0x00000007bd1ff188,0x00000007bd200000)
  to   space 20992K, 0% used [0x00000007bd200000,0x00000007bd200000,0x00000007be680000)
 ParOldGen       total 172032K, used 81935K [0x00000006c5000000, 0x00000006cf800000, 0x000000076c580000)
  object space 172032K, 47% used [0x00000006c5000000,0x00000006ca003c40,0x00000006cf800000)
 Metaspace       used 19887K, capacity 20042K, committed 20480K, reserved 1067008K
  class space    used 1906K, capacity 1962K, committed 2048K, reserved 1048576K
}
Event: 13.189 GC heap before
{Heap before GC invocations=14 (full 0):
 PSYoungGen      total 1272832K, used 1272828K [0x000000076c580000, 0x00000007be680000, 0x00000007c0000000)
  eden space 1258496K, 100% used [0x000000076c580000,0x00000007b9280000,0x00000007b9280000)
  from space 14336K, 99% used [0x00000007bc400000,0x00000007bd1ff188,0x00000007bd200000)
  to   space 20992K, 0% used [0x00000007bd200000,0x00000007bd200000,0x00000007be680000)
 ParOldGen       total 172032K, used 81935K [0x00000006c5000000, 0x00000006cf800000, 0x000000076c580000)
  object space 172032K, 47% used [0x00000006c5000000,0x00000006ca003c40,0x00000006cf800000)
 Metaspace       used 20507K, capacity 20682K, committed 20992K, reserved 1069056K
  class space    used 1969K, capacity 2026K, committed 2048K, reserved 1048576K
Event: 13.198 GC heap after
Heap after GC invocations=14 (full 0):
 PSYoungGen      total 1302016K, used 20634K [0x000000076c580000, 0x00000007c0000000, 0x00000007c0000000)
  eden space 1281024K, 0% used [0x000000076c580000,0x000000076c580000,0x00000007ba880000)
  from space 20992K, 98% used [0x00000007bd200000,0x00000007be626b18,0x00000007be680000)
  to   space 42496K, 0% used [0x00000007ba880000,0x00000007ba880000,0x00000007bd200000)
 ParOldGen       total 172032K, used 94933K [0x00000006c5000000, 0x00000006cf800000, 0x000000076c580000)
  object space 172032K, 55% used [0x00000006c5000000,0x00000006cacb54e0,0x00000006cf800000)
 Metaspace       used 20507K, capacity 20682K, committed 20992K, reserved 1069056K
  class space    used 1969K, capacity 2026K, committed 2048K, reserved 1048576K
}
Event: 13.613 GC heap before
{Heap before GC invocations=15 (full 0):
 PSYoungGen      total 1302016K, used 175657K [0x000000076c580000, 0x00000007c0000000, 0x00000007c0000000)
  eden space 1281024K, 12% used [0x000000076c580000,0x0000000775ce3ab8,0x00000007ba880000)
  from space 20992K, 98% used [0x00000007bd200000,0x00000007be626b18,0x00000007be680000)
  to   space 42496K, 0% used [0x00000007ba880000,0x00000007ba880000,0x00000007bd200000)
 ParOldGen       total 172032K, used 94933K [0x00000006c5000000, 0x00000006cf800000, 0x000000076c580000)
  object space 172032K, 55% used [0x00000006c5000000,0x00000006cacb54e0,0x00000006cf800000)
 Metaspace       used 20839K, capacity 21002K, committed 21296K, reserved 1069056K
  class space    used 1997K, capacity 2090K, committed 2176K, reserved 1048576K
Event: 13.622 GC heap after
Heap after GC invocations=15 (full 0):
 PSYoungGen      total 1323520K, used 42399K [0x000000076c580000, 0x00000007c0000000, 0x00000007c0000000)
  eden space 1281024K, 0% used [0x000000076c580000,0x000000076c580000,0x00000007ba880000)
  from space 42496K, 99% used [0x00000007ba880000,0x00000007bd1e7ef0,0x00000007bd200000)
  to   space 47104K, 0% used [0x00000007bd200000,0x00000007bd200000,0x00000007c0000000)
 ParOldGen       total 172032K, used 106319K [0x00000006c5000000, 0x00000006cf800000, 0x000000076c580000)
  object space 172032K, 61% used [0x00000006c5000000,0x00000006cb7d3c80,0x00000006cf800000)
 Metaspace       used 20839K, capacity 21002K, committed 21296K, reserved 1069056K
  class space    used 1997K, capacity 2090K, committed 2176K, reserved 1048576K
}
Event: 13.622 GC heap before
{Heap before GC invocations=16 (full 1):
 PSYoungGen      total 1323520K, used 42399K [0x000000076c580000, 0x00000007c0000000, 0x00000007c0000000)
  eden space 1281024K, 0% used [0x000000076c580000,0x000000076c580000,0x00000007ba880000)
  from space 42496K, 99% used [0x00000007ba880000,0x00000007bd1e7ef0,0x00000007bd200000)
  to   space 47104K, 0% used [0x00000007bd200000,0x00000007bd200000,0x00000007c0000000)
 ParOldGen       total 172032K, used 106319K [0x00000006c5000000, 0x00000006cf800000, 0x000000076c580000)
  object space 172032K, 61% used [0x00000006c5000000,0x00000006cb7d3c80,0x00000006cf800000)
 Metaspace       used 20839K, capacity 21002K, committed 21296K, reserved 1069056K
  class space    used 1997K, capacity 2090K, committed 2176K, reserved 1048576K
Event: 13.652 GC heap after
Heap after GC invocations=16 (full 1):
 PSYoungGen      total 1323520K, used 0K [0x000000076c580000, 0x00000007c0000000, 0x00000007c0000000)
  eden space 1281024K, 0% used [0x000000076c580000,0x000000076c580000,0x00000007ba880000)
  from space 42496K, 0% used [0x00000007ba880000,0x00000007ba880000,0x00000007bd200000)
  to   space 47104K, 0% used [0x00000007bd200000,0x00000007bd200000,0x00000007c0000000)
 ParOldGen       total 173056K, used 73572K [0x00000006c5000000, 0x00000006cf900000, 0x000000076c580000)
  object space 173056K, 42% used [0x00000006c5000000,0x00000006c97d90f0,0x00000006cf900000)
 Metaspace       used 20839K, capacity 21002K, committed 21296K, reserved 1069056K
  class space    used 1997K, capacity 2090K, committed 2176K, reserved 1048576K
}

