# JRE version: Java(TM) SE Runtime Environment (8.0_202-b08) (build 1.8.0_202-b08)
# Java VM: Java HotSpot(TM) 64-Bit Server VM (25.202-b08 mixed mode windows-amd64 compressed oops)
Heap:
 PSYoungGen      total 646144K, used 138631K [0x00000000d6600000, 0x0000000100000000, 0x0000000100000000)
  eden space 636928K, 21% used [0x00000000d6600000,0x00000000ded61fa0,0x00000000fd400000)
  from space 9216K, 0% used [0x00000000fd400000,0x00000000fd400000,0x00000000fdd00000)
  to   space 10752K, 0% used [0x00000000ff580000,0x00000000ff580000,0x0000000100000000)
 ParOldGen       total 141312K, used 73309K [0x0000000083200000, 0x000000008bc00000, 0x00000000d6600000)
  object space 141312K, 51% used [0x0000000083200000,0x0000000087997620,0x000000008bc00000)
 Metaspace       used 22314K, capacity 22552K, committed 22912K, reserved 1071104K
  class space    used 2061K, capacity 2153K, committed 2176K, reserved 1048576K
GC Heap History (10 events):
Event: 5.935 GC heap before
{Heap before GC invocations=14 (full 0):
 PSYoungGen      total 642048K, used 641675K [0x00000000d6600000, 0x00000000ff600000, 0x0000000100000000)
  eden space 640000K, 100% used [0x00000000d6600000,0x00000000fd700000,0x00000000fd700000)
  from space 2048K, 81% used [0x00000000fe200000,0x00000000fe3a2e08,0x00000000fe400000)
  to   space 10240K, 0% used [0x00000000fec00000,0x00000000fec00000,0x00000000ff600000)
 ParOldGen       total 86016K, used 12378K [0x0000000083200000, 0x0000000088600000, 0x00000000d6600000)
  object space 86016K, 14% used [0x0000000083200000,0x0000000083e16b68,0x0000000088600000)
 Metaspace       used 19488K, capacity 19648K, committed 19968K, reserved 1067008K
  class space    used 1901K, capacity 1959K, committed 2048K, reserved 1048576K
Event: 5.937 GC heap after
Heap after GC invocations=14 (full 0):
 PSYoungGen      total 611328K, used 1161K [0x00000000d6600000, 0x00000000fed80000, 0x0000000100000000)
  eden space 609792K, 0% used [0x00000000d6600000,0x00000000d6600000,0x00000000fb980000)
  from space 1536K, 75% used [0x00000000fec00000,0x00000000fed224f0,0x00000000fed80000)
  to   space 10240K, 0% used [0x00000000fd980000,0x00000000fd980000,0x00000000fe380000)
 ParOldGen       total 86016K, used 12578K [0x0000000083200000, 0x0000000088600000, 0x00000000d6600000)
  object space 86016K, 14% used [0x0000000083200000,0x0000000083e48b68,0x0000000088600000)
 Metaspace       used 19488K, capacity 19648K, committed 19968K, reserved 1067008K
  class space    used 1901K, capacity 1959K, committed 2048K, reserved 1048576K
}
Event: 6.431 GC heap before
{Heap before GC invocations=15 (full 0):
 PSYoungGen      total 611328K, used 610953K [0x00000000d6600000, 0x00000000fed80000, 0x0000000100000000)
  eden space 609792K, 100% used [0x00000000d6600000,0x00000000fb980000,0x00000000fb980000)
  from space 1536K, 75% used [0x00000000fec00000,0x00000000fed224f0,0x00000000fed80000)
  to   space 10240K, 0% used [0x00000000fd980000,0x00000000fd980000,0x00000000fe380000)
 ParOldGen       total 86016K, used 12578K [0x0000000083200000, 0x0000000088600000, 0x00000000d6600000)
  object space 86016K, 14% used [0x0000000083200000,0x0000000083e48b68,0x0000000088600000)
 Metaspace       used 19530K, capacity 19712K, committed 19968K, reserved 1067008K
  class space    used 1901K, capacity 1959K, committed 2048K, reserved 1048576K
Event: 6.433 GC heap after
Heap after GC invocations=15 (full 0):
 PSYoungGen      total 582656K, used 1336K [0x00000000d6600000, 0x00000000fec80000, 0x0000000100000000)
  eden space 581120K, 0% used [0x00000000d6600000,0x00000000d6600000,0x00000000f9d80000)
  from space 1536K, 86% used [0x00000000fd980000,0x00000000fdace0c8,0x00000000fdb00000)
  to   space 9728K, 0% used [0x00000000fe300000,0x00000000fe300000,0x00000000fec80000)
 ParOldGen       total 86016K, used 12978K [0x0000000083200000, 0x0000000088600000, 0x00000000d6600000)
  object space 86016K, 15% used [0x0000000083200000,0x0000000083eacb68,0x0000000088600000)
 Metaspace       used 19530K, capacity 19712K, committed 19968K, reserved 1067008K
  class space    used 1901K, capacity 1959K, committed 2048K, reserved 1048576K
}
Event: 6.940 GC heap before
{Heap before GC invocations=16 (full 0):
 PSYoungGen      total 582656K, used 582456K [0x00000000d6600000, 0x00000000fec80000, 0x0000000100000000)
  eden space 581120K, 100% used [0x00000000d6600000,0x00000000f9d80000,0x00000000f9d80000)
  from space 1536K, 86% used [0x00000000fd980000,0x00000000fdace0c8,0x00000000fdb00000)
  to   space 9728K, 0% used [0x00000000fe300000,0x00000000fe300000,0x00000000fec80000)
 ParOldGen       total 86016K, used 12978K [0x0000000083200000, 0x0000000088600000, 0x00000000d6600000)
  object space 86016K, 15% used [0x0000000083200000,0x0000000083eacb68,0x0000000088600000)
 Metaspace       used 19563K, capacity 19712K, committed 19968K, reserved 1067008K
  class space    used 1905K, capacity 1959K, committed 2048K, reserved 1048576K
Event: 6.943 GC heap after
Heap after GC invocations=16 (full 0):
 PSYoungGen      total 557056K, used 2767K [0x00000000d6600000, 0x00000000fe600000, 0x0000000100000000)
  eden space 553984K, 0% used [0x00000000d6600000,0x00000000d6600000,0x00000000f8300000)
  from space 3072K, 90% used [0x00000000fe300000,0x00000000fe5b3d48,0x00000000fe600000)
  to   space 9216K, 0% used [0x00000000fd400000,0x00000000fd400000,0x00000000fdd00000)
 ParOldGen       total 86016K, used 13428K [0x0000000083200000, 0x0000000088600000, 0x00000000d6600000)
  object space 86016K, 15% used [0x0000000083200000,0x0000000083f1d2c8,0x0000000088600000)
 Metaspace       used 19563K, capacity 19712K, committed 19968K, reserved 1067008K
  class space    used 1905K, capacity 1959K, committed 2048K, reserved 1048576K
}
Event: 7.486 GC heap before
{Heap before GC invocations=17 (full 0):
 PSYoungGen      total 557056K, used 324432K [0x00000000d6600000, 0x00000000fe600000, 0x0000000100000000)
  eden space 553984K, 58% used [0x00000000d6600000,0x00000000ea0203e8,0x00000000f8300000)
  from space 3072K, 90% used [0x00000000fe300000,0x00000000fe5b3d48,0x00000000fe600000)
  to   space 9216K, 0% used [0x00000000fd400000,0x00000000fd400000,0x00000000fdd00000)
 ParOldGen       total 86016K, used 13428K [0x0000000083200000, 0x0000000088600000, 0x00000000d6600000)
  object space 86016K, 15% used [0x0000000083200000,0x0000000083f1d2c8,0x0000000088600000)
 Metaspace       used 20811K, capacity 21056K, committed 21552K, reserved 1069056K
  class space    used 2015K, capacity 2087K, committed 2176K, reserved 1048576K
Event: 7.501 GC heap after
Heap after GC invocations=17 (full 0):
 PSYoungGen      total 646144K, used 8973K [0x00000000d6600000, 0x0000000100000000, 0x0000000100000000)
  eden space 636928K, 0% used [0x00000000d6600000,0x00000000d6600000,0x00000000fd400000)
  from space 9216K, 97% used [0x00000000fd400000,0x00000000fdcc3550,0x00000000fdd00000)
  to   space 10752K, 0% used [0x00000000ff580000,0x00000000ff580000,0x0000000100000000)
 ParOldGen       total 86016K, used 74078K [0x0000000083200000, 0x0000000088600000, 0x00000000d6600000)
  object space 86016K, 86% used [0x0000000083200000,0x0000000087a57b00,0x0000000088600000)
 Metaspace       used 20811K, capacity 21056K, committed 21552K, reserved 1069056K
  class space    used 2015K, capacity 2087K, committed 2176K, reserved 1048576K
}
Event: 7.501 GC heap before
{Heap before GC invocations=18 (full 1):
 PSYoungGen      total 646144K, used 8973K [0x00000000d6600000, 0x0000000100000000, 0x0000000100000000)
  eden space 636928K, 0% used [0x00000000d6600000,0x00000000d6600000,0x00000000fd400000)
  from space 9216K, 97% used [0x00000000fd400000,0x00000000fdcc3550,0x00000000fdd00000)
  to   space 10752K, 0% used [0x00000000ff580000,0x00000000ff580000,0x0000000100000000)
 ParOldGen       total 86016K, used 74078K [0x0000000083200000, 0x0000000088600000, 0x00000000d6600000)
  object space 86016K, 86% used [0x0000000083200000,0x0000000087a57b00,0x0000000088600000)
 Metaspace       used 20811K, capacity 21056K, committed 21552K, reserved 1069056K
  class space    used 2015K, capacity 2087K, committed 2176K, reserved 1048576K
Event: 7.537 GC heap after
Heap after GC invocations=18 (full 1):
 PSYoungGen      total 646144K, used 0K [0x00000000d6600000, 0x0000000100000000, 0x0000000100000000)
  eden space 636928K, 0% used [0x00000000d6600000,0x00000000d6600000,0x00000000fd400000)
  from space 9216K, 0% used [0x00000000fd400000,0x00000000fd400000,0x00000000fdd00000)
  to   space 10752K, 0% used [0x00000000ff580000,0x00000000ff580000,0x0000000100000000)
 ParOldGen       total 141312K, used 73309K [0x0000000083200000, 0x000000008bc00000, 0x00000000d6600000)
  object space 141312K, 51% used [0x0000000083200000,0x0000000087997620,0x000000008bc00000)
 Metaspace       used 20811K, capacity 21056K, committed 21552K, reserved 1069056K
  class space    used 2015K, capacity 2087K, committed 2176K, reserved 1048576K
}

