# JRE version: Java(TM) SE Runtime Environment (8.0_202-b08) (build 1.8.0_202-b08)
# Java VM: Java HotSpot(TM) 64-Bit Server VM (25.202-b08 mixed mode windows-amd64 compressed oops)
Heap:
 PSYoungGen      total 623616K, used 176904K [0x00000000d6600000, 0x0000000100000000, 0x0000000100000000)
  eden space 614400K, 28% used [0x00000000d6600000,0x00000000e12c2330,0x00000000fbe00000)
  from space 9216K, 0% used [0x00000000fed80000,0x00000000fed80000,0x00000000ff680000)
  to   space 33792K, 0% used [0x00000000fbe00000,0x00000000fbe00000,0x00000000fdf00000)
 ParOldGen       total 140288K, used 73295K [0x0000000083200000, 0x000000008bb00000, 0x00000000d6600000)
  object space 140288K, 52% used [0x0000000083200000,0x0000000087993e20,0x000000008bb00000)
 Metaspace       used 22355K, capacity 22552K, committed 22912K, reserved 1071104K
  class space    used 2064K, capacity 2153K, committed 2176K, reserved 1048576K
GC Heap History (10 events):
Event: 5.625 GC heap before
{Heap before GC invocations=13 (full 0):
 PSYoungGen      total 670208K, used 661726K [0x00000000d6600000, 0x00000000fff00000, 0x0000000100000000)
  eden space 660480K, 100% used [0x00000000d6600000,0x00000000feb00000,0x00000000feb00000)
  from space 9728K, 12% used [0x00000000ff580000,0x00000000ff6b7880,0x00000000fff00000)
  to   space 10240K, 0% used [0x00000000feb00000,0x00000000feb00000,0x00000000ff500000)
 ParOldGen       total 86016K, used 12058K [0x0000000083200000, 0x0000000088600000, 0x00000000d6600000)
  object space 86016K, 14% used [0x0000000083200000,0x0000000083dc69d8,0x0000000088600000)
 Metaspace       used 19497K, capacity 19648K, committed 19968K, reserved 1067008K
  class space    used 1901K, capacity 1959K, committed 2048K, reserved 1048576K
Event: 5.629 GC heap after
Heap after GC invocations=13 (full 0):
 PSYoungGen      total 670720K, used 2405K [0x00000000d6600000, 0x0000000100000000, 0x0000000100000000)
  eden space 660480K, 0% used [0x00000000d6600000,0x00000000d6600000,0x00000000feb00000)
  from space 10240K, 23% used [0x00000000feb00000,0x00000000fed59600,0x00000000ff500000)
  to   space 10240K, 0% used [0x00000000ff600000,0x00000000ff600000,0x0000000100000000)
 ParOldGen       total 86016K, used 12298K [0x0000000083200000, 0x0000000088600000, 0x00000000d6600000)
  object space 86016K, 14% used [0x0000000083200000,0x0000000083e029d8,0x0000000088600000)
 Metaspace       used 19497K, capacity 19648K, committed 19968K, reserved 1067008K
  class space    used 1901K, capacity 1959K, committed 2048K, reserved 1048576K
}
Event: 6.135 GC heap before
{Heap before GC invocations=14 (full 0):
 PSYoungGen      total 670720K, used 662885K [0x00000000d6600000, 0x0000000100000000, 0x0000000100000000)
  eden space 660480K, 100% used [0x00000000d6600000,0x00000000feb00000,0x00000000feb00000)
  from space 10240K, 23% used [0x00000000feb00000,0x00000000fed59600,0x00000000ff500000)
  to   space 10240K, 0% used [0x00000000ff600000,0x00000000ff600000,0x0000000100000000)
 ParOldGen       total 86016K, used 12298K [0x0000000083200000, 0x0000000088600000, 0x00000000d6600000)
  object space 86016K, 14% used [0x0000000083200000,0x0000000083e029d8,0x0000000088600000)
 Metaspace       used 19508K, capacity 19712K, committed 19968K, reserved 1067008K
  class space    used 1901K, capacity 1959K, committed 2048K, reserved 1048576K
Event: 6.136 GC heap after
Heap after GC invocations=14 (full 0):
 PSYoungGen      total 670720K, used 832K [0x00000000d6600000, 0x00000000fff00000, 0x0000000100000000)
  eden space 661504K, 0% used [0x00000000d6600000,0x00000000d6600000,0x00000000fec00000)
  from space 9216K, 9% used [0x00000000ff600000,0x00000000ff6d0000,0x00000000fff00000)
  to   space 9728K, 0% used [0x00000000fec00000,0x00000000fec00000,0x00000000ff580000)
 ParOldGen       total 86016K, used 12650K [0x0000000083200000, 0x0000000088600000, 0x00000000d6600000)
  object space 86016K, 14% used [0x0000000083200000,0x0000000083e5a9d8,0x0000000088600000)
 Metaspace       used 19508K, capacity 19712K, committed 19968K, reserved 1067008K
  class space    used 1901K, capacity 1959K, committed 2048K, reserved 1048576K
}
Event: 6.719 GC heap before
{Heap before GC invocations=15 (full 0):
 PSYoungGen      total 670720K, used 662336K [0x00000000d6600000, 0x00000000fff00000, 0x0000000100000000)
  eden space 661504K, 100% used [0x00000000d6600000,0x00000000fec00000,0x00000000fec00000)
  from space 9216K, 9% used [0x00000000ff600000,0x00000000ff6d0000,0x00000000fff00000)
  to   space 9728K, 0% used [0x00000000fec00000,0x00000000fec00000,0x00000000ff580000)
 ParOldGen       total 86016K, used 12650K [0x0000000083200000, 0x0000000088600000, 0x00000000d6600000)
  object space 86016K, 14% used [0x0000000083200000,0x0000000083e5a9d8,0x0000000088600000)
 Metaspace       used 19567K, capacity 19712K, committed 19968K, reserved 1067008K
  class space    used 1905K, capacity 1959K, committed 2048K, reserved 1048576K
Event: 6.721 GC heap after
Heap after GC invocations=15 (full 0):
 PSYoungGen      total 631808K, used 1404K [0x00000000d6600000, 0x00000000ff680000, 0x0000000100000000)
  eden space 630272K, 0% used [0x00000000d6600000,0x00000000d6600000,0x00000000fcd80000)
  from space 1536K, 91% used [0x00000000fec00000,0x00000000fed5f320,0x00000000fed80000)
  to   space 9216K, 0% used [0x00000000fed80000,0x00000000fed80000,0x00000000ff680000)
 ParOldGen       total 86016K, used 13050K [0x0000000083200000, 0x0000000088600000, 0x00000000d6600000)
  object space 86016K, 15% used [0x0000000083200000,0x0000000083ebe9d8,0x0000000088600000)
 Metaspace       used 19567K, capacity 19712K, committed 19968K, reserved 1067008K
  class space    used 1905K, capacity 1959K, committed 2048K, reserved 1048576K
}
Event: 7.461 GC heap before
{Heap before GC invocations=16 (full 0):
 PSYoungGen      total 631808K, used 572176K [0x00000000d6600000, 0x00000000ff680000, 0x0000000100000000)
  eden space 630272K, 90% used [0x00000000d6600000,0x00000000f9364df8,0x00000000fcd80000)
  from space 1536K, 91% used [0x00000000fec00000,0x00000000fed5f320,0x00000000fed80000)
  to   space 9216K, 0% used [0x00000000fed80000,0x00000000fed80000,0x00000000ff680000)
 ParOldGen       total 86016K, used 13050K [0x0000000083200000, 0x0000000088600000, 0x00000000d6600000)
  object space 86016K, 15% used [0x0000000083200000,0x0000000083ebe9d8,0x0000000088600000)
 Metaspace       used 20815K, capacity 20992K, committed 21296K, reserved 1069056K
  class space    used 2016K, capacity 2087K, committed 2176K, reserved 1048576K
Event: 7.483 GC heap after
Heap after GC invocations=16 (full 0):
 PSYoungGen      total 623616K, used 9205K [0x00000000d6600000, 0x0000000100000000, 0x0000000100000000)
  eden space 614400K, 0% used [0x00000000d6600000,0x00000000d6600000,0x00000000fbe00000)
  from space 9216K, 99% used [0x00000000fed80000,0x00000000ff67d7f8,0x00000000ff680000)
  to   space 33792K, 0% used [0x00000000fbe00000,0x00000000fbe00000,0x00000000fdf00000)
 ParOldGen       total 86016K, used 73723K [0x0000000083200000, 0x0000000088600000, 0x00000000d6600000)
  object space 86016K, 85% used [0x0000000083200000,0x00000000879fee18,0x0000000088600000)
 Metaspace       used 20815K, capacity 20992K, committed 21296K, reserved 1069056K
  class space    used 2016K, capacity 2087K, committed 2176K, reserved 1048576K
}
Event: 7.483 GC heap before
{Heap before GC invocations=17 (full 1):
 PSYoungGen      total 623616K, used 9205K [0x00000000d6600000, 0x0000000100000000, 0x0000000100000000)
  eden space 614400K, 0% used [0x00000000d6600000,0x00000000d6600000,0x00000000fbe00000)
  from space 9216K, 99% used [0x00000000fed80000,0x00000000ff67d7f8,0x00000000ff680000)
  to   space 33792K, 0% used [0x00000000fbe00000,0x00000000fbe00000,0x00000000fdf00000)
 ParOldGen       total 86016K, used 73723K [0x0000000083200000, 0x0000000088600000, 0x00000000d6600000)
  object space 86016K, 85% used [0x0000000083200000,0x00000000879fee18,0x0000000088600000)
 Metaspace       used 20815K, capacity 20992K, committed 21296K, reserved 1069056K
  class space    used 2016K, capacity 2087K, committed 2176K, reserved 1048576K
Event: 7.516 GC heap after
Heap after GC invocations=17 (full 1):
 PSYoungGen      total 623616K, used 0K [0x00000000d6600000, 0x0000000100000000, 0x0000000100000000)
  eden space 614400K, 0% used [0x00000000d6600000,0x00000000d6600000,0x00000000fbe00000)
  from space 9216K, 0% used [0x00000000fed80000,0x00000000fed80000,0x00000000ff680000)
  to   space 33792K, 0% used [0x00000000fbe00000,0x00000000fbe00000,0x00000000fdf00000)
 ParOldGen       total 140288K, used 73295K [0x0000000083200000, 0x000000008bb00000, 0x00000000d6600000)
  object space 140288K, 52% used [0x0000000083200000,0x0000000087993e20,0x000000008bb00000)
 Metaspace       used 20815K, capacity 20992K, committed 21296K, reserved 1069056K
  class space    used 2016K, capacity 2087K, committed 2176K, reserved 1048576K
}

