# JRE version: Java(TM) SE Runtime Environment (8.0_202-b08) (build 1.8.0_202-b08)
# Java VM: Java HotSpot(TM) 64-Bit Server VM (25.202-b08 mixed mode windows-amd64 compressed oops)
Heap:
 PSYoungGen      total 452608K, used 47257K [0x00000000d6600000, 0x00000000fe200000, 0x0000000100000000)
  eden space 443904K, 10% used [0x00000000d6600000,0x00000000d9426730,0x00000000f1780000)
  from space 8704K, 0% used [0x00000000fd980000,0x00000000fd980000,0x00000000fe200000)
  to   space 11776K, 0% used [0x00000000fcb00000,0x00000000fcb00000,0x00000000fd680000)
 ParOldGen       total 140800K, used 72457K [0x0000000083200000, 0x000000008bb80000, 0x00000000d6600000)
  object space 140800K, 51% used [0x0000000083200000,0x00000000878c27e0,0x000000008bb80000)
 Metaspace       used 21965K, capacity 22200K, committed 22576K, reserved 1069056K
  class space    used 2056K, capacity 2121K, committed 2176K, reserved 1048576K
GC Heap History (10 events):
Event: 5.575 GC heap before
{Heap before GC invocations=15 (full 0):
 PSYoungGen      total 365568K, used 365389K [0x00000000d6600000, 0x00000000fed80000, 0x0000000100000000)
  eden space 364032K, 100% used [0x00000000d6600000,0x00000000ec980000,0x00000000ec980000)
  from space 1536K, 88% used [0x00000000fec00000,0x00000000fed53760,0x00000000fed80000)
  to   space 9728K, 0% used [0x00000000fda80000,0x00000000fda80000,0x00000000fe400000)
 ParOldGen       total 86016K, used 12440K [0x0000000083200000, 0x0000000088600000, 0x00000000d6600000)
  object space 86016K, 14% used [0x0000000083200000,0x0000000083e26248,0x0000000088600000)
 Metaspace       used 19488K, capacity 19648K, committed 19968K, reserved 1067008K
  class space    used 1901K, capacity 1959K, committed 2048K, reserved 1048576K
Event: 5.576 GC heap after
Heap after GC invocations=15 (full 0):
 PSYoungGen      total 349184K, used 1459K [0x00000000d6600000, 0x00000000fec80000, 0x0000000100000000)
  eden space 347648K, 0% used [0x00000000d6600000,0x00000000d6600000,0x00000000eb980000)
  from space 1536K, 94% used [0x00000000fda80000,0x00000000fdbecc60,0x00000000fdc00000)
  to   space 9728K, 0% used [0x00000000fe300000,0x00000000fe300000,0x00000000fec80000)
 ParOldGen       total 86016K, used 12672K [0x0000000083200000, 0x0000000088600000, 0x00000000d6600000)
  object space 86016K, 14% used [0x0000000083200000,0x0000000083e60248,0x0000000088600000)
 Metaspace       used 19488K, capacity 19648K, committed 19968K, reserved 1067008K
  class space    used 1901K, capacity 1959K, committed 2048K, reserved 1048576K
}
Event: 5.829 GC heap before
{Heap before GC invocations=16 (full 0):
 PSYoungGen      total 349184K, used 349107K [0x00000000d6600000, 0x00000000fec80000, 0x0000000100000000)
  eden space 347648K, 100% used [0x00000000d6600000,0x00000000eb980000,0x00000000eb980000)
  from space 1536K, 94% used [0x00000000fda80000,0x00000000fdbecc60,0x00000000fdc00000)
  to   space 9728K, 0% used [0x00000000fe300000,0x00000000fe300000,0x00000000fec80000)
 ParOldGen       total 86016K, used 12672K [0x0000000083200000, 0x0000000088600000, 0x00000000d6600000)
  object space 86016K, 14% used [0x0000000083200000,0x0000000083e60248,0x0000000088600000)
 Metaspace       used 19524K, capacity 19712K, committed 19968K, reserved 1067008K
  class space    used 1901K, capacity 1959K, committed 2048K, reserved 1048576K
Event: 5.831 GC heap after
Heap after GC invocations=16 (full 0):
 PSYoungGen      total 332800K, used 742K [0x00000000d6600000, 0x00000000fe400000, 0x0000000100000000)
  eden space 331776K, 0% used [0x00000000d6600000,0x00000000d6600000,0x00000000eaa00000)
  from space 1024K, 72% used [0x00000000fe300000,0x00000000fe3b9bb8,0x00000000fe400000)
  to   space 9216K, 0% used [0x00000000fd200000,0x00000000fd200000,0x00000000fdb00000)
 ParOldGen       total 86016K, used 12896K [0x0000000083200000, 0x0000000088600000, 0x00000000d6600000)
  object space 86016K, 14% used [0x0000000083200000,0x0000000083e98248,0x0000000088600000)
 Metaspace       used 19524K, capacity 19712K, committed 19968K, reserved 1067008K
  class space    used 1901K, capacity 1959K, committed 2048K, reserved 1048576K
}
Event: 6.253 GC heap before
{Heap before GC invocations=17 (full 0):
 PSYoungGen      total 332800K, used 332518K [0x00000000d6600000, 0x00000000fe400000, 0x0000000100000000)
  eden space 331776K, 100% used [0x00000000d6600000,0x00000000eaa00000,0x00000000eaa00000)
  from space 1024K, 72% used [0x00000000fe300000,0x00000000fe3b9bb8,0x00000000fe400000)
  to   space 9216K, 0% used [0x00000000fd200000,0x00000000fd200000,0x00000000fdb00000)
 ParOldGen       total 86016K, used 12896K [0x0000000083200000, 0x0000000088600000, 0x00000000d6600000)
  object space 86016K, 14% used [0x0000000083200000,0x0000000083e98248,0x0000000088600000)
 Metaspace       used 20170K, capacity 20352K, committed 20736K, reserved 1069056K
  class space    used 1965K, capacity 2023K, committed 2048K, reserved 1048576K
Event: 6.259 GC heap after
Heap after GC invocations=17 (full 0):
 PSYoungGen      total 324608K, used 7651K [0x00000000d6600000, 0x00000000fe380000, 0x0000000100000000)
  eden space 316928K, 0% used [0x00000000d6600000,0x00000000d6600000,0x00000000e9b80000)
  from space 7680K, 99% used [0x00000000fd200000,0x00000000fd978f38,0x00000000fd980000)
  to   space 10240K, 0% used [0x00000000fd980000,0x00000000fd980000,0x00000000fe380000)
 ParOldGen       total 86016K, used 43848K [0x0000000083200000, 0x0000000088600000, 0x00000000d6600000)
  object space 86016K, 50% used [0x0000000083200000,0x0000000085cd2298,0x0000000088600000)
 Metaspace       used 20170K, capacity 20352K, committed 20736K, reserved 1069056K
  class space    used 1965K, capacity 2023K, committed 2048K, reserved 1048576K
}
Event: 6.577 GC heap before
{Heap before GC invocations=18 (full 0):
 PSYoungGen      total 324608K, used 142032K [0x00000000d6600000, 0x00000000fe380000, 0x0000000100000000)
  eden space 316928K, 42% used [0x00000000d6600000,0x00000000de93b2b0,0x00000000e9b80000)
  from space 7680K, 99% used [0x00000000fd200000,0x00000000fd978f38,0x00000000fd980000)
  to   space 10240K, 0% used [0x00000000fd980000,0x00000000fd980000,0x00000000fe380000)
 ParOldGen       total 86016K, used 43848K [0x0000000083200000, 0x0000000088600000, 0x00000000d6600000)
  object space 86016K, 50% used [0x0000000083200000,0x0000000085cd2298,0x0000000088600000)
 Metaspace       used 20815K, capacity 20992K, committed 21296K, reserved 1069056K
  class space    used 2020K, capacity 2087K, committed 2176K, reserved 1048576K
Event: 6.586 GC heap after
Heap after GC invocations=18 (full 0):
 PSYoungGen      total 452608K, used 8309K [0x00000000d6600000, 0x00000000fe200000, 0x0000000100000000)
  eden space 443904K, 0% used [0x00000000d6600000,0x00000000d6600000,0x00000000f1780000)
  from space 8704K, 95% used [0x00000000fd980000,0x00000000fe19d688,0x00000000fe200000)
  to   space 11776K, 0% used [0x00000000fcb00000,0x00000000fcb00000,0x00000000fd680000)
 ParOldGen       total 86016K, used 85267K [0x0000000083200000, 0x0000000088600000, 0x00000000d6600000)
  object space 86016K, 99% used [0x0000000083200000,0x0000000088544d60,0x0000000088600000)
 Metaspace       used 20815K, capacity 20992K, committed 21296K, reserved 1069056K
  class space    used 2020K, capacity 2087K, committed 2176K, reserved 1048576K
}
Event: 6.586 GC heap before
{Heap before GC invocations=19 (full 1):
 PSYoungGen      total 452608K, used 8309K [0x00000000d6600000, 0x00000000fe200000, 0x0000000100000000)
  eden space 443904K, 0% used [0x00000000d6600000,0x00000000d6600000,0x00000000f1780000)
  from space 8704K, 95% used [0x00000000fd980000,0x00000000fe19d688,0x00000000fe200000)
  to   space 11776K, 0% used [0x00000000fcb00000,0x00000000fcb00000,0x00000000fd680000)
 ParOldGen       total 86016K, used 85267K [0x0000000083200000, 0x0000000088600000, 0x00000000d6600000)
  object space 86016K, 99% used [0x0000000083200000,0x0000000088544d60,0x0000000088600000)
 Metaspace       used 20815K, capacity 20992K, committed 21296K, reserved 1069056K
  class space    used 2020K, capacity 2087K, committed 2176K, reserved 1048576K
Event: 6.615 GC heap after
Heap after GC invocations=19 (full 1):
 PSYoungGen      total 452608K, used 0K [0x00000000d6600000, 0x00000000fe200000, 0x0000000100000000)
  eden space 443904K, 0% used [0x00000000d6600000,0x00000000d6600000,0x00000000f1780000)
  from space 8704K, 0% used [0x00000000fd980000,0x00000000fd980000,0x00000000fe200000)
  to   space 11776K, 0% used [0x00000000fcb00000,0x00000000fcb00000,0x00000000fd680000)
 ParOldGen       total 140800K, used 72457K [0x0000000083200000, 0x000000008bb80000, 0x00000000d6600000)
  object space 140800K, 51% used [0x0000000083200000,0x00000000878c27e0,0x000000008bb80000)
 Metaspace       used 20815K, capacity 20992K, committed 21296K, reserved 1069056K
  class space    used 2020K, capacity 2087K, committed 2176K, reserved 1048576K
}

