# JRE version: Java(TM) SE Runtime Environment (8.0_202-b08) (build 1.8.0_202-b08)
# Java VM: Java HotSpot(TM) 64-Bit Server VM (25.202-b08 mixed mode windows-amd64 compressed oops)
Heap:
 PSYoungGen      total 624128K, used 160830K [0x00000000d6600000, 0x0000000100000000, 0x0000000100000000)
  eden space 596992K, 26% used [0x00000000d6600000,0x00000000e030fba8,0x00000000fad00000)
  from space 27136K, 0% used [0x00000000fe580000,0x00000000fe580000,0x0000000100000000)
  to   space 42496K, 0% used [0x00000000fad00000,0x00000000fad00000,0x00000000fd680000)
 ParOldGen       total 124928K, used 60504K [0x0000000083200000, 0x000000008ac00000, 0x00000000d6600000)
  object space 124928K, 48% used [0x0000000083200000,0x0000000086d16238,0x000000008ac00000)
 Metaspace       used 22329K, capacity 22552K, committed 22912K, reserved 1071104K
  class space    used 2063K, capacity 2153K, committed 2176K, reserved 1048576K
GC Heap History (10 events):
Event: 6.452 GC heap before
{Heap before GC invocations=15 (full 0):
 PSYoungGen      total 594944K, used 594515K [0x00000000d6600000, 0x00000000fe800000, 0x0000000100000000)
  eden space 592384K, 100% used [0x00000000d6600000,0x00000000fa880000,0x00000000fa880000)
  from space 2560K, 83% used [0x00000000fe580000,0x00000000fe794c60,0x00000000fe800000)
  to   space 13824K, 0% used [0x00000000fcd00000,0x00000000fcd00000,0x00000000fda80000)
 ParOldGen       total 86016K, used 21789K [0x0000000083200000, 0x0000000088600000, 0x00000000d6600000)
  object space 86016K, 25% used [0x0000000083200000,0x00000000847477b0,0x0000000088600000)
 Metaspace       used 19523K, capacity 19712K, committed 19968K, reserved 1067008K
  class space    used 1901K, capacity 1959K, committed 2048K, reserved 1048576K
Event: 6.467 GC heap after
Heap after GC invocations=15 (full 0):
 PSYoungGen      total 643584K, used 13814K [0x00000000d6600000, 0x0000000100000000, 0x0000000100000000)
  eden space 629760K, 0% used [0x00000000d6600000,0x00000000d6600000,0x00000000fcd00000)
  from space 13824K, 99% used [0x00000000fcd00000,0x00000000fda7db10,0x00000000fda80000)
  to   space 17408K, 0% used [0x00000000fef00000,0x00000000fef00000,0x0000000100000000)
 ParOldGen       total 86016K, used 25221K [0x0000000083200000, 0x0000000088600000, 0x00000000d6600000)
  object space 86016K, 29% used [0x0000000083200000,0x0000000084aa17b0,0x0000000088600000)
 Metaspace       used 19523K, capacity 19712K, committed 19968K, reserved 1067008K
  class space    used 1901K, capacity 1959K, committed 2048K, reserved 1048576K
}
Event: 6.805 GC heap before
{Heap before GC invocations=16 (full 0):
 PSYoungGen      total 643584K, used 643574K [0x00000000d6600000, 0x0000000100000000, 0x0000000100000000)
  eden space 629760K, 100% used [0x00000000d6600000,0x00000000fcd00000,0x00000000fcd00000)
  from space 13824K, 99% used [0x00000000fcd00000,0x00000000fda7db10,0x00000000fda80000)
  to   space 17408K, 0% used [0x00000000fef00000,0x00000000fef00000,0x0000000100000000)
 ParOldGen       total 86016K, used 25221K [0x0000000083200000, 0x0000000088600000, 0x00000000d6600000)
  object space 86016K, 29% used [0x0000000083200000,0x0000000084aa17b0,0x0000000088600000)
 Metaspace       used 19523K, capacity 19712K, committed 19968K, reserved 1067008K
  class space    used 1901K, capacity 1959K, committed 2048K, reserved 1048576K
Event: 6.845 GC heap after
Heap after GC invocations=16 (full 0):
 PSYoungGen      total 645120K, used 17388K [0x00000000d6600000, 0x0000000100000000, 0x0000000100000000)
  eden space 627712K, 0% used [0x00000000d6600000,0x00000000d6600000,0x00000000fcb00000)
  from space 17408K, 99% used [0x00000000fef00000,0x00000000ffffb348,0x0000000100000000)
  to   space 27136K, 0% used [0x00000000fcb00000,0x00000000fcb00000,0x00000000fe580000)
 ParOldGen       total 86016K, used 42295K [0x0000000083200000, 0x0000000088600000, 0x00000000d6600000)
  object space 86016K, 49% used [0x0000000083200000,0x0000000085b4ddd0,0x0000000088600000)
 Metaspace       used 19523K, capacity 19712K, committed 19968K, reserved 1067008K
  class space    used 1901K, capacity 1959K, committed 2048K, reserved 1048576K
}
Event: 7.169 GC heap before
{Heap before GC invocations=17 (full 0):
 PSYoungGen      total 645120K, used 645100K [0x00000000d6600000, 0x0000000100000000, 0x0000000100000000)
  eden space 627712K, 100% used [0x00000000d6600000,0x00000000fcb00000,0x00000000fcb00000)
  from space 17408K, 99% used [0x00000000fef00000,0x00000000ffffb348,0x0000000100000000)
  to   space 27136K, 0% used [0x00000000fcb00000,0x00000000fcb00000,0x00000000fe580000)
 ParOldGen       total 86016K, used 42295K [0x0000000083200000, 0x0000000088600000, 0x00000000d6600000)
  object space 86016K, 49% used [0x0000000083200000,0x0000000085b4ddd0,0x0000000088600000)
 Metaspace       used 19562K, capacity 19712K, committed 19968K, reserved 1067008K
  class space    used 1906K, capacity 1959K, committed 2048K, reserved 1048576K
Event: 7.194 GC heap after
Heap after GC invocations=17 (full 0):
 PSYoungGen      total 654848K, used 27113K [0x00000000d6600000, 0x0000000100000000, 0x0000000100000000)
  eden space 627712K, 0% used [0x00000000d6600000,0x00000000d6600000,0x00000000fcb00000)
  from space 27136K, 99% used [0x00000000fcb00000,0x00000000fe57a780,0x00000000fe580000)
  to   space 27136K, 0% used [0x00000000fe580000,0x00000000fe580000,0x0000000100000000)
 ParOldGen       total 86016K, used 65347K [0x0000000083200000, 0x0000000088600000, 0x00000000d6600000)
  object space 86016K, 75% used [0x0000000083200000,0x00000000871d0f00,0x0000000088600000)
 Metaspace       used 19562K, capacity 19712K, committed 19968K, reserved 1067008K
  class space    used 1906K, capacity 1959K, committed 2048K, reserved 1048576K
}
Event: 7.789 GC heap before
{Heap before GC invocations=18 (full 0):
 PSYoungGen      total 654848K, used 653220K [0x00000000d6600000, 0x0000000100000000, 0x0000000100000000)
  eden space 627712K, 99% used [0x00000000d6600000,0x00000000fc96e8e8,0x00000000fcb00000)
  from space 27136K, 99% used [0x00000000fcb00000,0x00000000fe57a780,0x00000000fe580000)
  to   space 27136K, 0% used [0x00000000fe580000,0x00000000fe580000,0x0000000100000000)
 ParOldGen       total 86016K, used 65347K [0x0000000083200000, 0x0000000088600000, 0x00000000d6600000)
  object space 86016K, 75% used [0x0000000083200000,0x00000000871d0f00,0x0000000088600000)
 Metaspace       used 20164K, capacity 20288K, committed 20480K, reserved 1067008K
  class space    used 1965K, capacity 2023K, committed 2048K, reserved 1048576K
Event: 7.832 GC heap after
Heap after GC invocations=18 (full 0):
 PSYoungGen      total 624128K, used 25597K [0x00000000d6600000, 0x0000000100000000, 0x0000000100000000)
  eden space 596992K, 0% used [0x00000000d6600000,0x00000000d6600000,0x00000000fad00000)
  from space 27136K, 94% used [0x00000000fe580000,0x00000000ffe7f778,0x0000000100000000)
  to   space 42496K, 0% used [0x00000000fad00000,0x00000000fad00000,0x00000000fd680000)
 ParOldGen       total 105984K, used 103287K [0x0000000083200000, 0x0000000089980000, 0x00000000d6600000)
  object space 105984K, 97% used [0x0000000083200000,0x00000000896ddca0,0x0000000089980000)
 Metaspace       used 20164K, capacity 20288K, committed 20480K, reserved 1067008K
  class space    used 1965K, capacity 2023K, committed 2048K, reserved 1048576K
}
Event: 7.832 GC heap before
{Heap before GC invocations=19 (full 1):
 PSYoungGen      total 624128K, used 25597K [0x00000000d6600000, 0x0000000100000000, 0x0000000100000000)
  eden space 596992K, 0% used [0x00000000d6600000,0x00000000d6600000,0x00000000fad00000)
  from space 27136K, 94% used [0x00000000fe580000,0x00000000ffe7f778,0x0000000100000000)
  to   space 42496K, 0% used [0x00000000fad00000,0x00000000fad00000,0x00000000fd680000)
 ParOldGen       total 105984K, used 103287K [0x0000000083200000, 0x0000000089980000, 0x00000000d6600000)
  object space 105984K, 97% used [0x0000000083200000,0x00000000896ddca0,0x0000000089980000)
 Metaspace       used 20164K, capacity 20288K, committed 20480K, reserved 1067008K
  class space    used 1965K, capacity 2023K, committed 2048K, reserved 1048576K
Event: 7.854 GC heap after
Heap after GC invocations=19 (full 1):
 PSYoungGen      total 624128K, used 0K [0x00000000d6600000, 0x0000000100000000, 0x0000000100000000)
  eden space 596992K, 0% used [0x00000000d6600000,0x00000000d6600000,0x00000000fad00000)
  from space 27136K, 0% used [0x00000000fe580000,0x00000000fe580000,0x0000000100000000)
  to   space 42496K, 0% used [0x00000000fad00000,0x00000000fad00000,0x00000000fd680000)
 ParOldGen       total 124928K, used 60504K [0x0000000083200000, 0x000000008ac00000, 0x00000000d6600000)
  object space 124928K, 48% used [0x0000000083200000,0x0000000086d16238,0x000000008ac00000)
 Metaspace       used 20164K, capacity 20288K, committed 20480K, reserved 1067008K
  class space    used 1965K, capacity 2023K, committed 2048K, reserved 1048576K
}

