# JRE version: Java(TM) SE Runtime Environment (8.0_202-b08) (build 1.8.0_202-b08)
# Java VM: Java HotSpot(TM) 64-Bit Server VM (25.202-b08 mixed mode windows-amd64 compressed oops)
Heap:
 PSYoungGen      total 412672K, used 41481K [0x00000000d6600000, 0x00000000f6c80000, 0x0000000100000000)
  eden space 404480K, 10% used [0x00000000d6600000,0x00000000d8e82448,0x00000000ef100000)
  from space 8192K, 0% used [0x00000000f6480000,0x00000000f6480000,0x00000000f6c80000)
  to   space 31232K, 0% used [0x00000000f2f80000,0x00000000f2f80000,0x00000000f4e00000)
 ParOldGen       total 142336K, used 73600K [0x0000000083200000, 0x000000008bd00000, 0x00000000d6600000)
  object space 142336K, 51% used [0x0000000083200000,0x00000000879e0388,0x000000008bd00000)
 Metaspace       used 22186K, capacity 22360K, committed 22576K, reserved 1069056K
  class space    used 2061K, capacity 2153K, committed 2176K, reserved 1048576K
GC Heap History (10 events):
Event: 5.784 GC heap before
{Heap before GC invocations=17 (full 0):
 PSYoungGen      total 489984K, used 489725K [0x00000000d6600000, 0x00000000f7580000, 0x0000000100000000)
  eden space 488448K, 100% used [0x00000000d6600000,0x00000000f4300000,0x00000000f4300000)
  from space 1536K, 83% used [0x00000000f7400000,0x00000000f753f770,0x00000000f7580000)
  to   space 9216K, 0% used [0x00000000f6380000,0x00000000f6380000,0x00000000f6c80000)
 ParOldGen       total 86016K, used 12445K [0x0000000083200000, 0x0000000088600000, 0x00000000d6600000)
  object space 86016K, 14% used [0x0000000083200000,0x0000000083e27490,0x0000000088600000)
 Metaspace       used 19514K, capacity 19712K, committed 19968K, reserved 1067008K
  class space    used 1900K, capacity 1959K, committed 2048K, reserved 1048576K
Event: 5.787 GC heap after
Heap after GC invocations=17 (full 0):
 PSYoungGen      total 467456K, used 1533K [0x00000000d6600000, 0x00000000f7480000, 0x0000000100000000)
  eden space 465920K, 0% used [0x00000000d6600000,0x00000000d6600000,0x00000000f2d00000)
  from space 1536K, 99% used [0x00000000f6380000,0x00000000f64ff498,0x00000000f6500000)
  to   space 8704K, 0% used [0x00000000f6c00000,0x00000000f6c00000,0x00000000f7480000)
 ParOldGen       total 86016K, used 12757K [0x0000000083200000, 0x0000000088600000, 0x00000000d6600000)
  object space 86016K, 14% used [0x0000000083200000,0x0000000083e75490,0x0000000088600000)
 Metaspace       used 19514K, capacity 19712K, committed 19968K, reserved 1067008K
  class space    used 1900K, capacity 1959K, committed 2048K, reserved 1048576K
}
Event: 6.221 GC heap before
{Heap before GC invocations=18 (full 0):
 PSYoungGen      total 467456K, used 467453K [0x00000000d6600000, 0x00000000f7480000, 0x0000000100000000)
  eden space 465920K, 100% used [0x00000000d6600000,0x00000000f2d00000,0x00000000f2d00000)
  from space 1536K, 99% used [0x00000000f6380000,0x00000000f64ff498,0x00000000f6500000)
  to   space 8704K, 0% used [0x00000000f6c00000,0x00000000f6c00000,0x00000000f7480000)
 ParOldGen       total 86016K, used 12757K [0x0000000083200000, 0x0000000088600000, 0x00000000d6600000)
  object space 86016K, 14% used [0x0000000083200000,0x0000000083e75490,0x0000000088600000)
 Metaspace       used 19539K, capacity 19712K, committed 19968K, reserved 1067008K
  class space    used 1900K, capacity 1959K, committed 2048K, reserved 1048576K
Event: 6.224 GC heap after
Heap after GC invocations=18 (full 0):
 PSYoungGen      total 447488K, used 3053K [0x00000000d6600000, 0x00000000f6f00000, 0x0000000100000000)
  eden space 444416K, 0% used [0x00000000d6600000,0x00000000d6600000,0x00000000f1800000)
  from space 3072K, 99% used [0x00000000f6c00000,0x00000000f6efb628,0x00000000f6f00000)
  to   space 8192K, 0% used [0x00000000f5f00000,0x00000000f5f00000,0x00000000f6700000)
 ParOldGen       total 86016K, used 13061K [0x0000000083200000, 0x0000000088600000, 0x00000000d6600000)
  object space 86016K, 15% used [0x0000000083200000,0x0000000083ec1490,0x0000000088600000)
 Metaspace       used 19539K, capacity 19712K, committed 19968K, reserved 1067008K
  class space    used 1900K, capacity 1959K, committed 2048K, reserved 1048576K
}
Event: 6.612 GC heap before
{Heap before GC invocations=19 (full 0):
 PSYoungGen      total 447488K, used 447469K [0x00000000d6600000, 0x00000000f6f00000, 0x0000000100000000)
  eden space 444416K, 100% used [0x00000000d6600000,0x00000000f1800000,0x00000000f1800000)
  from space 3072K, 99% used [0x00000000f6c00000,0x00000000f6efb628,0x00000000f6f00000)
  to   space 8192K, 0% used [0x00000000f5f00000,0x00000000f5f00000,0x00000000f6700000)
 ParOldGen       total 86016K, used 13061K [0x0000000083200000, 0x0000000088600000, 0x00000000d6600000)
  object space 86016K, 15% used [0x0000000083200000,0x0000000083ec1490,0x0000000088600000)
 Metaspace       used 19571K, capacity 19712K, committed 19968K, reserved 1067008K
  class space    used 1904K, capacity 1959K, committed 2048K, reserved 1048576K
Event: 6.614 GC heap after
Heap after GC invocations=19 (full 0):
 PSYoungGen      total 425472K, used 1535K [0x00000000d6600000, 0x00000000f6c80000, 0x0000000100000000)
  eden space 423936K, 0% used [0x00000000d6600000,0x00000000d6600000,0x00000000f0400000)
  from space 1536K, 99% used [0x00000000f5f00000,0x00000000f607fc80,0x00000000f6080000)
  to   space 8192K, 0% used [0x00000000f6480000,0x00000000f6480000,0x00000000f6c80000)
 ParOldGen       total 86016K, used 13496K [0x0000000083200000, 0x0000000088600000, 0x00000000d6600000)
  object space 86016K, 15% used [0x0000000083200000,0x0000000083f2e350,0x0000000088600000)
 Metaspace       used 19571K, capacity 19712K, committed 19968K, reserved 1067008K
  class space    used 1904K, capacity 1959K, committed 2048K, reserved 1048576K
}
Event: 7.285 GC heap before
{Heap before GC invocations=20 (full 0):
 PSYoungGen      total 425472K, used 417194K [0x00000000d6600000, 0x00000000f6c80000, 0x0000000100000000)
  eden space 423936K, 98% used [0x00000000d6600000,0x00000000efbeac48,0x00000000f0400000)
  from space 1536K, 99% used [0x00000000f5f00000,0x00000000f607fc80,0x00000000f6080000)
  to   space 8192K, 0% used [0x00000000f6480000,0x00000000f6480000,0x00000000f6c80000)
 ParOldGen       total 86016K, used 13496K [0x0000000083200000, 0x0000000088600000, 0x00000000d6600000)
  object space 86016K, 15% used [0x0000000083200000,0x0000000083f2e350,0x0000000088600000)
 Metaspace       used 20836K, capacity 20992K, committed 21296K, reserved 1069056K
  class space    used 2023K, capacity 2087K, committed 2176K, reserved 1048576K
Event: 7.298 GC heap after
Heap after GC invocations=20 (full 0):
 PSYoungGen      total 412672K, used 8160K [0x00000000d6600000, 0x00000000f6c80000, 0x0000000100000000)
  eden space 404480K, 0% used [0x00000000d6600000,0x00000000d6600000,0x00000000ef100000)
  from space 8192K, 99% used [0x00000000f6480000,0x00000000f6c78110,0x00000000f6c80000)
  to   space 31232K, 0% used [0x00000000f2f80000,0x00000000f2f80000,0x00000000f4e00000)
 ParOldGen       total 86016K, used 71510K [0x0000000083200000, 0x0000000088600000, 0x00000000d6600000)
  object space 86016K, 83% used [0x0000000083200000,0x00000000877d5970,0x0000000088600000)
 Metaspace       used 20836K, capacity 20992K, committed 21296K, reserved 1069056K
  class space    used 2023K, capacity 2087K, committed 2176K, reserved 1048576K
}
Event: 7.298 GC heap before
{Heap before GC invocations=21 (full 1):
 PSYoungGen      total 412672K, used 8160K [0x00000000d6600000, 0x00000000f6c80000, 0x0000000100000000)
  eden space 404480K, 0% used [0x00000000d6600000,0x00000000d6600000,0x00000000ef100000)
  from space 8192K, 99% used [0x00000000f6480000,0x00000000f6c78110,0x00000000f6c80000)
  to   space 31232K, 0% used [0x00000000f2f80000,0x00000000f2f80000,0x00000000f4e00000)
 ParOldGen       total 86016K, used 71510K [0x0000000083200000, 0x0000000088600000, 0x00000000d6600000)
  object space 86016K, 83% used [0x0000000083200000,0x00000000877d5970,0x0000000088600000)
 Metaspace       used 20836K, capacity 20992K, committed 21296K, reserved 1069056K
  class space    used 2023K, capacity 2087K, committed 2176K, reserved 1048576K
Event: 7.336 GC heap after
Heap after GC invocations=21 (full 1):
 PSYoungGen      total 412672K, used 0K [0x00000000d6600000, 0x00000000f6c80000, 0x0000000100000000)
  eden space 404480K, 0% used [0x00000000d6600000,0x00000000d6600000,0x00000000ef100000)
  from space 8192K, 0% used [0x00000000f6480000,0x00000000f6480000,0x00000000f6c80000)
  to   space 31232K, 0% used [0x00000000f2f80000,0x00000000f2f80000,0x00000000f4e00000)
 ParOldGen       total 142336K, used 73600K [0x0000000083200000, 0x000000008bd00000, 0x00000000d6600000)
  object space 142336K, 51% used [0x0000000083200000,0x00000000879e0388,0x000000008bd00000)
 Metaspace       used 20836K, capacity 20992K, committed 21296K, reserved 1069056K
  class space    used 2023K, capacity 2087K, committed 2176K, reserved 1048576K
}

