# JRE version: Java(TM) SE Runtime Environment (8.0_202-b08) (build 1.8.0_202-b08)
# Java VM: Java HotSpot(TM) 64-Bit Server VM (25.202-b08 mixed mode windows-amd64 compressed oops)
Heap:
 PSYoungGen      total 454656K, used 275470K [0x00000000d6600000, 0x0000000100000000, 0x0000000100000000)
  eden space 227328K, 70% used [0x00000000d6600000,0x00000000e02ca278,0x00000000e4400000)
  from space 227328K, 50% used [0x00000000e4400000,0x00000000eb4395a0,0x00000000f2200000)
  to   space 227328K, 0% used [0x00000000f2200000,0x00000000f2200000,0x0000000100000000)
 ParOldGen       total 643072K, used 379217K [0x0000000083200000, 0x00000000aa600000, 0x00000000d6600000)
  object space 643072K, 58% used [0x0000000083200000,0x000000009a454628,0x00000000aa600000)
 Metaspace       used 22660K, capacity 22856K, committed 23296K, reserved 1071104K
  class space    used 2141K, capacity 2217K, committed 2304K, reserved 1048576K
GC Heap History (10 events):
Event: 20.643 GC heap before
{Heap before GC invocations=43 (full 5):
 PSYoungGen      total 453120K, used 371540K [0x00000000d6600000, 0x00000000ff480000, 0x0000000100000000)
  eden space 249344K, 100% used [0x00000000d6600000,0x00000000e5980000,0x00000000e5980000)
  from space 203776K, 59% used [0x00000000f2480000,0x00000000f9bd5108,0x00000000feb80000)
  to   space 207872K, 0% used [0x00000000e5980000,0x00000000e5980000,0x00000000f2480000)
 ParOldGen       total 643072K, used 272974K [0x0000000083200000, 0x00000000aa600000, 0x00000000d6600000)
  object space 643072K, 42% used [0x0000000083200000,0x0000000093c93848,0x00000000aa600000)
 Metaspace       used 21008K, capacity 21208K, committed 21632K, reserved 1069056K
  class space    used 2057K, capacity 2119K, committed 2176K, reserved 1048576K
Event: 20.699 GC heap after
Heap after GC invocations=43 (full 5):
 PSYoungGen      total 457216K, used 160739K [0x00000000d6600000, 0x0000000100000000, 0x0000000100000000)
  eden space 249344K, 0% used [0x00000000d6600000,0x00000000d6600000,0x00000000e5980000)
  from space 207872K, 77% used [0x00000000e5980000,0x00000000ef678e88,0x00000000f2480000)
  to   space 224768K, 0% used [0x00000000f2480000,0x00000000f2480000,0x0000000100000000)
 ParOldGen       total 643072K, used 272974K [0x0000000083200000, 0x00000000aa600000, 0x00000000d6600000)
  object space 643072K, 42% used [0x0000000083200000,0x0000000093c93848,0x00000000aa600000)
 Metaspace       used 21008K, capacity 21208K, committed 21632K, reserved 1069056K
  class space    used 2057K, capacity 2119K, committed 2176K, reserved 1048576K
}
Event: 20.889 GC heap before
{Heap before GC invocations=44 (full 5):
 PSYoungGen      total 457216K, used 410083K [0x00000000d6600000, 0x0000000100000000, 0x0000000100000000)
  eden space 249344K, 100% used [0x00000000d6600000,0x00000000e5980000,0x00000000e5980000)
  from space 207872K, 77% used [0x00000000e5980000,0x00000000ef678e88,0x00000000f2480000)
  to   space 224768K, 0% used [0x00000000f2480000,0x00000000f2480000,0x0000000100000000)
 ParOldGen       total 643072K, used 272974K [0x0000000083200000, 0x00000000aa600000, 0x00000000d6600000)
  object space 643072K, 42% used [0x0000000083200000,0x0000000093c93848,0x00000000aa600000)
 Metaspace       used 21008K, capacity 21208K, committed 21632K, reserved 1069056K
  class space    used 2057K, capacity 2119K, committed 2176K, reserved 1048576K
Event: 20.964 GC heap after
Heap after GC invocations=44 (full 5):
 PSYoungGen      total 452096K, used 209345K [0x00000000d6600000, 0x0000000100000000, 0x0000000100000000)
  eden space 227328K, 0% used [0x00000000d6600000,0x00000000d6600000,0x00000000e4400000)
  from space 224768K, 93% used [0x00000000f2480000,0x00000000ff0f0490,0x0000000100000000)
  to   space 227328K, 0% used [0x00000000e4400000,0x00000000e4400000,0x00000000f2200000)
 ParOldGen       total 643072K, used 272974K [0x0000000083200000, 0x00000000aa600000, 0x00000000d6600000)
  object space 643072K, 42% used [0x0000000083200000,0x0000000093c93848,0x00000000aa600000)
 Metaspace       used 21008K, capacity 21208K, committed 21632K, reserved 1069056K
  class space    used 2057K, capacity 2119K, committed 2176K, reserved 1048576K
}
Event: 21.043 GC heap before
{Heap before GC invocations=45 (full 5):
 PSYoungGen      total 452096K, used 436673K [0x00000000d6600000, 0x0000000100000000, 0x0000000100000000)
  eden space 227328K, 100% used [0x00000000d6600000,0x00000000e4400000,0x00000000e4400000)
  from space 224768K, 93% used [0x00000000f2480000,0x00000000ff0f0490,0x0000000100000000)
  to   space 227328K, 0% used [0x00000000e4400000,0x00000000e4400000,0x00000000f2200000)
 ParOldGen       total 643072K, used 272974K [0x0000000083200000, 0x00000000aa600000, 0x00000000d6600000)
  object space 643072K, 42% used [0x0000000083200000,0x0000000093c93848,0x00000000aa600000)
 Metaspace       used 21008K, capacity 21208K, committed 21632K, reserved 1069056K
  class space    used 2057K, capacity 2119K, committed 2176K, reserved 1048576K
Event: 21.119 GC heap after
Heap after GC invocations=45 (full 5):
 PSYoungGen      total 454656K, used 190049K [0x00000000d6600000, 0x0000000100000000, 0x0000000100000000)
  eden space 227328K, 0% used [0x00000000d6600000,0x00000000d6600000,0x00000000e4400000)
  from space 227328K, 83% used [0x00000000e4400000,0x00000000efd985e8,0x00000000f2200000)
  to   space 227328K, 0% used [0x00000000f2200000,0x00000000f2200000,0x0000000100000000)
 ParOldGen       total 643072K, used 297933K [0x0000000083200000, 0x00000000aa600000, 0x00000000d6600000)
  object space 643072K, 46% used [0x0000000083200000,0x00000000954f3638,0x00000000aa600000)
 Metaspace       used 21008K, capacity 21208K, committed 21632K, reserved 1069056K
  class space    used 2057K, capacity 2119K, committed 2176K, reserved 1048576K
}
Event: 21.400 GC heap before
{Heap before GC invocations=46 (full 5):
 PSYoungGen      total 454656K, used 417377K [0x00000000d6600000, 0x0000000100000000, 0x0000000100000000)
  eden space 227328K, 100% used [0x00000000d6600000,0x00000000e4400000,0x00000000e4400000)
  from space 227328K, 83% used [0x00000000e4400000,0x00000000efd985e8,0x00000000f2200000)
  to   space 227328K, 0% used [0x00000000f2200000,0x00000000f2200000,0x0000000100000000)
 ParOldGen       total 643072K, used 297933K [0x0000000083200000, 0x00000000aa600000, 0x00000000d6600000)
  object space 643072K, 46% used [0x0000000083200000,0x00000000954f3638,0x00000000aa600000)
 Metaspace       used 21008K, capacity 21208K, committed 21632K, reserved 1069056K
  class space    used 2057K, capacity 2119K, committed 2176K, reserved 1048576K
Event: 21.480 GC heap after
Heap after GC invocations=46 (full 5):
 PSYoungGen      total 454656K, used 177227K [0x00000000d6600000, 0x0000000100000000, 0x0000000100000000)
  eden space 227328K, 0% used [0x00000000d6600000,0x00000000d6600000,0x00000000e4400000)
  from space 227328K, 77% used [0x00000000f2200000,0x00000000fcf12f78,0x0000000100000000)
  to   space 227328K, 0% used [0x00000000e4400000,0x00000000e4400000,0x00000000f2200000)
 ParOldGen       total 643072K, used 366367K [0x0000000083200000, 0x00000000aa600000, 0x00000000d6600000)
  object space 643072K, 56% used [0x0000000083200000,0x00000000997c7e90,0x00000000aa600000)
 Metaspace       used 21008K, capacity 21208K, committed 21632K, reserved 1069056K
  class space    used 2057K, capacity 2119K, committed 2176K, reserved 1048576K
}
Event: 21.818 GC heap before
{Heap before GC invocations=47 (full 5):
 PSYoungGen      total 454656K, used 404555K [0x00000000d6600000, 0x0000000100000000, 0x0000000100000000)
  eden space 227328K, 100% used [0x00000000d6600000,0x00000000e4400000,0x00000000e4400000)
  from space 227328K, 77% used [0x00000000f2200000,0x00000000fcf12f78,0x0000000100000000)
  to   space 227328K, 0% used [0x00000000e4400000,0x00000000e4400000,0x00000000f2200000)
 ParOldGen       total 643072K, used 366367K [0x0000000083200000, 0x00000000aa600000, 0x00000000d6600000)
  object space 643072K, 56% used [0x0000000083200000,0x00000000997c7e90,0x00000000aa600000)
 Metaspace       used 21008K, capacity 21208K, committed 21632K, reserved 1069056K
  class space    used 2057K, capacity 2119K, committed 2176K, reserved 1048576K
Event: 21.869 GC heap after
Heap after GC invocations=47 (full 5):
 PSYoungGen      total 454656K, used 114917K [0x00000000d6600000, 0x0000000100000000, 0x0000000100000000)
  eden space 227328K, 0% used [0x00000000d6600000,0x00000000d6600000,0x00000000e4400000)
  from space 227328K, 50% used [0x00000000e4400000,0x00000000eb4395a0,0x00000000f2200000)
  to   space 227328K, 0% used [0x00000000f2200000,0x00000000f2200000,0x0000000100000000)
 ParOldGen       total 643072K, used 379217K [0x0000000083200000, 0x00000000aa600000, 0x00000000d6600000)
  object space 643072K, 58% used [0x0000000083200000,0x000000009a454628,0x00000000aa600000)
 Metaspace       used 21008K, capacity 21208K, committed 21632K, reserved 1069056K
  class space    used 2057K, capacity 2119K, committed 2176K, reserved 1048576K
}

