# JRE version: Java(TM) SE Runtime Environment (8.0_202-b08) (build 1.8.0_202-b08)
# Java VM: Java HotSpot(TM) 64-Bit Server VM (25.202-b08 mixed mode windows-amd64 compressed oops)
Heap:
 PSYoungGen      total 613888K, used 50397K [0x00000000d6600000, 0x0000000100000000, 0x0000000100000000)
  eden space 586752K, 8% used [0x00000000d6600000,0x00000000d9737680,0x00000000fa300000)
  from space 27136K, 0% used [0x00000000fe580000,0x00000000fe580000,0x0000000100000000)
  to   space 47616K, 0% used [0x00000000fa300000,0x00000000fa300000,0x00000000fd180000)
 ParOldGen       total 132608K, used 68975K [0x0000000083200000, 0x000000008b380000, 0x00000000d6600000)
  object space 132608K, 52% used [0x0000000083200000,0x000000008755bcc8,0x000000008b380000)
 Metaspace       used 21746K, capacity 21944K, committed 22320K, reserved 1069056K
  class space    used 2053K, capacity 2121K, committed 2176K, reserved 1048576K
GC Heap History (10 events):
Event: 6.088 GC heap before
{Heap before GC invocations=15 (full 0):
 PSYoungGen      total 632320K, used 632288K [0x00000000d6600000, 0x00000000ff780000, 0x0000000100000000)
  eden space 631808K, 100% used [0x00000000d6600000,0x00000000fcf00000,0x00000000fcf00000)
  from space 512K, 93% used [0x00000000ff700000,0x00000000ff778000,0x00000000ff780000)
  to   space 9216K, 0% used [0x00000000fe580000,0x00000000fe580000,0x00000000fee80000)
 ParOldGen       total 86016K, used 11319K [0x0000000083200000, 0x0000000088600000, 0x00000000d6600000)
  object space 86016K, 13% used [0x0000000083200000,0x0000000083d0dce0,0x0000000088600000)
 Metaspace       used 19507K, capacity 19712K, committed 19968K, reserved 1067008K
  class space    used 1898K, capacity 1959K, committed 2048K, reserved 1048576K
Event: 6.113 GC heap after
Heap after GC invocations=15 (full 0):
 PSYoungGen      total 664064K, used 9202K [0x00000000d6600000, 0x0000000100000000, 0x0000000100000000)
  eden space 654848K, 0% used [0x00000000d6600000,0x00000000d6600000,0x00000000fe580000)
  from space 9216K, 99% used [0x00000000fe580000,0x00000000fee7c8e0,0x00000000fee80000)
  to   space 17920K, 0% used [0x00000000fee80000,0x00000000fee80000,0x0000000100000000)
 ParOldGen       total 86016K, used 33880K [0x0000000083200000, 0x0000000088600000, 0x00000000d6600000)
  object space 86016K, 39% used [0x0000000083200000,0x00000000853160e8,0x0000000088600000)
 Metaspace       used 19507K, capacity 19712K, committed 19968K, reserved 1067008K
  class space    used 1898K, capacity 1959K, committed 2048K, reserved 1048576K
}
Event: 6.395 GC heap before
{Heap before GC invocations=16 (full 0):
 PSYoungGen      total 664064K, used 664050K [0x00000000d6600000, 0x0000000100000000, 0x0000000100000000)
  eden space 654848K, 100% used [0x00000000d6600000,0x00000000fe580000,0x00000000fe580000)
  from space 9216K, 99% used [0x00000000fe580000,0x00000000fee7c8e0,0x00000000fee80000)
  to   space 17920K, 0% used [0x00000000fee80000,0x00000000fee80000,0x0000000100000000)
 ParOldGen       total 86016K, used 33880K [0x0000000083200000, 0x0000000088600000, 0x00000000d6600000)
  object space 86016K, 39% used [0x0000000083200000,0x00000000853160e8,0x0000000088600000)
 Metaspace       used 19507K, capacity 19712K, committed 19968K, reserved 1067008K
  class space    used 1898K, capacity 1959K, committed 2048K, reserved 1048576K
Event: 6.419 GC heap after
Heap after GC invocations=16 (full 0):
 PSYoungGen      total 643584K, used 17888K [0x00000000d6600000, 0x0000000100000000, 0x0000000100000000)
  eden space 625664K, 0% used [0x00000000d6600000,0x00000000d6600000,0x00000000fc900000)
  from space 17920K, 99% used [0x00000000fee80000,0x00000000ffff8220,0x0000000100000000)
  to   space 28160K, 0% used [0x00000000fc900000,0x00000000fc900000,0x00000000fe480000)
 ParOldGen       total 86016K, used 50217K [0x0000000083200000, 0x0000000088600000, 0x00000000d6600000)
  object space 86016K, 58% used [0x0000000083200000,0x000000008630a5a0,0x0000000088600000)
 Metaspace       used 19507K, capacity 19712K, committed 19968K, reserved 1067008K
  class space    used 1898K, capacity 1959K, committed 2048K, reserved 1048576K
}
Event: 6.720 GC heap before
{Heap before GC invocations=17 (full 0):
 PSYoungGen      total 643584K, used 643552K [0x00000000d6600000, 0x0000000100000000, 0x0000000100000000)
  eden space 625664K, 100% used [0x00000000d6600000,0x00000000fc900000,0x00000000fc900000)
  from space 17920K, 99% used [0x00000000fee80000,0x00000000ffff8220,0x0000000100000000)
  to   space 28160K, 0% used [0x00000000fc900000,0x00000000fc900000,0x00000000fe480000)
 ParOldGen       total 86016K, used 50217K [0x0000000083200000, 0x0000000088600000, 0x00000000d6600000)
  object space 86016K, 58% used [0x0000000083200000,0x000000008630a5a0,0x0000000088600000)
 Metaspace       used 19550K, capacity 19712K, committed 19968K, reserved 1067008K
  class space    used 1903K, capacity 1959K, committed 2048K, reserved 1048576K
Event: 6.727 GC heap after
Heap after GC invocations=17 (full 0):
 PSYoungGen      total 653824K, used 3763K [0x00000000d6600000, 0x0000000100000000, 0x0000000100000000)
  eden space 625664K, 0% used [0x00000000d6600000,0x00000000d6600000,0x00000000fc900000)
  from space 28160K, 13% used [0x00000000fc900000,0x00000000fccacc48,0x00000000fe480000)
  to   space 27136K, 0% used [0x00000000fe580000,0x00000000fe580000,0x0000000100000000)
 ParOldGen       total 86016K, used 52618K [0x0000000083200000, 0x0000000088600000, 0x00000000d6600000)
  object space 86016K, 61% used [0x0000000083200000,0x0000000086562940,0x0000000088600000)
 Metaspace       used 19550K, capacity 19712K, committed 19968K, reserved 1067008K
  class space    used 1903K, capacity 1959K, committed 2048K, reserved 1048576K
}
Event: 7.162 GC heap before
{Heap before GC invocations=18 (full 0):
 PSYoungGen      total 653824K, used 265689K [0x00000000d6600000, 0x0000000100000000, 0x0000000100000000)
  eden space 625664K, 41% used [0x00000000d6600000,0x00000000e65c9a18,0x00000000fc900000)
  from space 28160K, 13% used [0x00000000fc900000,0x00000000fccacc48,0x00000000fe480000)
  to   space 27136K, 0% used [0x00000000fe580000,0x00000000fe580000,0x0000000100000000)
 ParOldGen       total 86016K, used 52618K [0x0000000083200000, 0x0000000088600000, 0x00000000d6600000)
  object space 86016K, 61% used [0x0000000083200000,0x0000000086562940,0x0000000088600000)
 Metaspace       used 20825K, capacity 20992K, committed 21296K, reserved 1069056K
  class space    used 2017K, capacity 2087K, committed 2176K, reserved 1048576K
Event: 7.172 GC heap after
Heap after GC invocations=18 (full 0):
 PSYoungGen      total 613888K, used 27116K [0x00000000d6600000, 0x0000000100000000, 0x0000000100000000)
  eden space 586752K, 0% used [0x00000000d6600000,0x00000000d6600000,0x00000000fa300000)
  from space 27136K, 99% used [0x00000000fe580000,0x00000000ffffb050,0x0000000100000000)
  to   space 47616K, 0% used [0x00000000fa300000,0x00000000fa300000,0x00000000fd180000)
 ParOldGen       total 99328K, used 94424K [0x0000000083200000, 0x0000000089300000, 0x00000000d6600000)
  object space 99328K, 95% used [0x0000000083200000,0x0000000088e360b0,0x0000000089300000)
 Metaspace       used 20825K, capacity 20992K, committed 21296K, reserved 1069056K
  class space    used 2017K, capacity 2087K, committed 2176K, reserved 1048576K
}
Event: 7.172 GC heap before
{Heap before GC invocations=19 (full 1):
 PSYoungGen      total 613888K, used 27116K [0x00000000d6600000, 0x0000000100000000, 0x0000000100000000)
  eden space 586752K, 0% used [0x00000000d6600000,0x00000000d6600000,0x00000000fa300000)
  from space 27136K, 99% used [0x00000000fe580000,0x00000000ffffb050,0x0000000100000000)
  to   space 47616K, 0% used [0x00000000fa300000,0x00000000fa300000,0x00000000fd180000)
 ParOldGen       total 99328K, used 94424K [0x0000000083200000, 0x0000000089300000, 0x00000000d6600000)
  object space 99328K, 95% used [0x0000000083200000,0x0000000088e360b0,0x0000000089300000)
 Metaspace       used 20825K, capacity 20992K, committed 21296K, reserved 1069056K
  class space    used 2017K, capacity 2087K, committed 2176K, reserved 1048576K
Event: 7.198 GC heap after
Heap after GC invocations=19 (full 1):
 PSYoungGen      total 613888K, used 0K [0x00000000d6600000, 0x0000000100000000, 0x0000000100000000)
  eden space 586752K, 0% used [0x00000000d6600000,0x00000000d6600000,0x00000000fa300000)
  from space 27136K, 0% used [0x00000000fe580000,0x00000000fe580000,0x0000000100000000)
  to   space 47616K, 0% used [0x00000000fa300000,0x00000000fa300000,0x00000000fd180000)
 ParOldGen       total 132608K, used 68975K [0x0000000083200000, 0x000000008b380000, 0x00000000d6600000)
  object space 132608K, 52% used [0x0000000083200000,0x000000008755bcc8,0x000000008b380000)
 Metaspace       used 20825K, capacity 20992K, committed 21296K, reserved 1069056K
  class space    used 2017K, capacity 2087K, committed 2176K, reserved 1048576K
}

