# JRE version: Java(TM) SE Runtime Environment (8.0_202-b08) (build 1.8.0_202-b08)
# Java VM: Java HotSpot(TM) 64-Bit Server VM (25.202-b08 mixed mode windows-amd64 compressed oops)
Heap:
 PSYoungGen      total 1333760K, used 1217088K [0x000000076c580000, 0x00000007c0000000, 0x00000007c0000000)
  eden space 1318912K, 91% used [0x000000076c580000,0x00000007b6594958,0x00000007bcd80000)
  from space 14848K, 30% used [0x00000007bcd80000,0x00000007bd1fb778,0x00000007bdc00000)
  to   space 36864K, 0% used [0x00000007bdc00000,0x00000007bdc00000,0x00000007c0000000)
 ParOldGen       total 350720K, used 171383K [0x00000006c5000000, 0x00000006da680000, 0x000000076c580000)
  object space 350720K, 48% used [0x00000006c5000000,0x00000006cf75df80,0x00000006da680000)
 Metaspace       used 22557K, capacity 22744K, committed 22912K, reserved 1071104K
  class space    used 2062K, capacity 2153K, committed 2176K, reserved 1048576K
GC Heap History (10 events):
Event: 6.831 GC heap before
{Heap before GC invocations=10 (full 0):
 PSYoungGen      total 529408K, used 517305K [0x000000076c580000, 0x00000007a0780000, 0x00000007c0000000)
  eden space 515072K, 100% used [0x000000076c580000,0x000000078bc80000,0x000000078bc80000)
  from space 14336K, 15% used [0x000000078bc80000,0x000000078beae7b8,0x000000078ca80000)
  to   space 14848K, 0% used [0x000000079f900000,0x000000079f900000,0x00000007a0780000)
 ParOldGen       total 172032K, used 9479K [0x00000006c5000000, 0x00000006cf800000, 0x000000076c580000)
  object space 172032K, 5% used [0x00000006c5000000,0x00000006c5941dd8,0x00000006cf800000)
 Metaspace       used 19812K, capacity 20032K, committed 20480K, reserved 1067008K
  class space    used 1900K, capacity 1959K, committed 2048K, reserved 1048576K
Event: 6.835 GC heap after
Heap after GC invocations=10 (full 0):
 PSYoungGen      total 839168K, used 1878K [0x000000076c580000, 0x00000007a0780000, 0x00000007c0000000)
  eden space 824320K, 0% used [0x000000076c580000,0x000000076c580000,0x000000079ea80000)
  from space 14848K, 12% used [0x000000079f900000,0x000000079fad5918,0x00000007a0780000)
  to   space 14848K, 0% used [0x000000079ea80000,0x000000079ea80000,0x000000079f900000)
 ParOldGen       total 172032K, used 9807K [0x00000006c5000000, 0x00000006cf800000, 0x000000076c580000)
  object space 172032K, 5% used [0x00000006c5000000,0x00000006c5993dd8,0x00000006cf800000)
 Metaspace       used 19812K, capacity 20032K, committed 20480K, reserved 1067008K
  class space    used 1900K, capacity 1959K, committed 2048K, reserved 1048576K
}
Event: 8.058 GC heap before
{Heap before GC invocations=11 (full 0):
 PSYoungGen      total 839168K, used 826198K [0x000000076c580000, 0x00000007a0780000, 0x00000007c0000000)
  eden space 824320K, 100% used [0x000000076c580000,0x000000079ea80000,0x000000079ea80000)
  from space 14848K, 12% used [0x000000079f900000,0x000000079fad5918,0x00000007a0780000)
  to   space 14848K, 0% used [0x000000079ea80000,0x000000079ea80000,0x000000079f900000)
 ParOldGen       total 172032K, used 9807K [0x00000006c5000000, 0x00000006cf800000, 0x000000076c580000)
  object space 172032K, 5% used [0x00000006c5000000,0x00000006c5993dd8,0x00000006cf800000)
 Metaspace       used 19818K, capacity 20032K, committed 20480K, reserved 1067008K
  class space    used 1900K, capacity 1959K, committed 2048K, reserved 1048576K
Event: 8.062 GC heap after
Heap after GC invocations=11 (full 0):
 PSYoungGen      total 839168K, used 1486K [0x000000076c580000, 0x00000007beb80000, 0x00000007c0000000)
  eden space 824320K, 0% used [0x000000076c580000,0x000000076c580000,0x000000079ea80000)
  from space 14848K, 10% used [0x000000079ea80000,0x000000079ebf3890,0x000000079f900000)
  to   space 15360K, 0% used [0x00000007bdc80000,0x00000007bdc80000,0x00000007beb80000)
 ParOldGen       total 172032K, used 10407K [0x00000006c5000000, 0x00000006cf800000, 0x000000076c580000)
  object space 172032K, 6% used [0x00000006c5000000,0x00000006c5a29dd8,0x00000006cf800000)
 Metaspace       used 19818K, capacity 20032K, committed 20480K, reserved 1067008K
  class space    used 1900K, capacity 1959K, committed 2048K, reserved 1048576K
}
Event: 9.106 GC heap before
{Heap before GC invocations=12 (full 0):
 PSYoungGen      total 839168K, used 825806K [0x000000076c580000, 0x00000007beb80000, 0x00000007c0000000)
  eden space 824320K, 100% used [0x000000076c580000,0x000000079ea80000,0x000000079ea80000)
  from space 14848K, 10% used [0x000000079ea80000,0x000000079ebf3890,0x000000079f900000)
  to   space 15360K, 0% used [0x00000007bdc80000,0x00000007bdc80000,0x00000007beb80000)
 ParOldGen       total 172032K, used 10407K [0x00000006c5000000, 0x00000006cf800000, 0x000000076c580000)
  object space 172032K, 6% used [0x00000006c5000000,0x00000006c5a29dd8,0x00000006cf800000)
 Metaspace       used 19844K, capacity 20032K, committed 20480K, reserved 1067008K
  class space    used 1900K, capacity 1959K, committed 2048K, reserved 1048576K
Event: 9.111 GC heap after
Heap after GC invocations=12 (full 0):
 PSYoungGen      total 1333248K, used 4190K [0x000000076c580000, 0x00000007bea80000, 0x00000007c0000000)
  eden space 1318912K, 0% used [0x000000076c580000,0x000000076c580000,0x00000007bcd80000)
  from space 14336K, 29% used [0x00000007bdc80000,0x00000007be097a88,0x00000007bea80000)
  to   space 14848K, 0% used [0x00000007bcd80000,0x00000007bcd80000,0x00000007bdc00000)
 ParOldGen       total 172032K, used 10903K [0x00000006c5000000, 0x00000006cf800000, 0x000000076c580000)
  object space 172032K, 6% used [0x00000006c5000000,0x00000006c5aa5dd8,0x00000006cf800000)
 Metaspace       used 19844K, capacity 20032K, committed 20480K, reserved 1067008K
  class space    used 1900K, capacity 1959K, committed 2048K, reserved 1048576K
}
Event: 11.086 GC heap before
{Heap before GC invocations=13 (full 0):
 PSYoungGen      total 1333248K, used 1323102K [0x000000076c580000, 0x00000007bea80000, 0x00000007c0000000)
  eden space 1318912K, 100% used [0x000000076c580000,0x00000007bcd80000,0x00000007bcd80000)
  from space 14336K, 29% used [0x00000007bdc80000,0x00000007be097a88,0x00000007bea80000)
  to   space 14848K, 0% used [0x00000007bcd80000,0x00000007bcd80000,0x00000007bdc00000)
 ParOldGen       total 172032K, used 10903K [0x00000006c5000000, 0x00000006cf800000, 0x000000076c580000)
  object space 172032K, 6% used [0x00000006c5000000,0x00000006c5aa5dd8,0x00000006cf800000)
 Metaspace       used 19876K, capacity 20032K, committed 20480K, reserved 1067008K
  class space    used 1905K, capacity 1959K, committed 2048K, reserved 1048576K
Event: 11.192 GC heap after
Heap after GC invocations=13 (full 0):
 PSYoungGen      total 1333760K, used 14835K [0x000000076c580000, 0x00000007c0000000, 0x00000007c0000000)
  eden space 1318912K, 0% used [0x000000076c580000,0x000000076c580000,0x00000007bcd80000)
  from space 14848K, 99% used [0x00000007bcd80000,0x00000007bdbfcea8,0x00000007bdc00000)
  to   space 36864K, 0% used [0x00000007bdc00000,0x00000007bdc00000,0x00000007c0000000)
 ParOldGen       total 172032K, used 161960K [0x00000006c5000000, 0x00000006cf800000, 0x000000076c580000)
  object space 172032K, 94% used [0x00000006c5000000,0x00000006cee2a208,0x00000006cf800000)
 Metaspace       used 19876K, capacity 20032K, committed 20480K, reserved 1067008K
  class space    used 1905K, capacity 1959K, committed 2048K, reserved 1048576K
}
Event: 11.192 GC heap before
{Heap before GC invocations=14 (full 1):
 PSYoungGen      total 1333760K, used 14835K [0x000000076c580000, 0x00000007c0000000, 0x00000007c0000000)
  eden space 1318912K, 0% used [0x000000076c580000,0x000000076c580000,0x00000007bcd80000)
  from space 14848K, 99% used [0x00000007bcd80000,0x00000007bdbfcea8,0x00000007bdc00000)
  to   space 36864K, 0% used [0x00000007bdc00000,0x00000007bdc00000,0x00000007c0000000)
 ParOldGen       total 172032K, used 161960K [0x00000006c5000000, 0x00000006cf800000, 0x000000076c580000)
  object space 172032K, 94% used [0x00000006c5000000,0x00000006cee2a208,0x00000006cf800000)
 Metaspace       used 19876K, capacity 20032K, committed 20480K, reserved 1067008K
  class space    used 1905K, capacity 1959K, committed 2048K, reserved 1048576K
Event: 12.877 GC heap after
Heap after GC invocations=14 (full 1):
 PSYoungGen      total 1333760K, used 4589K [0x000000076c580000, 0x00000007c0000000, 0x00000007c0000000)
  eden space 1318912K, 0% used [0x000000076c580000,0x000000076c580000,0x00000007bcd80000)
  from space 14848K, 30% used [0x00000007bcd80000,0x00000007bd1fb778,0x00000007bdc00000)
  to   space 36864K, 0% used [0x00000007bdc00000,0x00000007bdc00000,0x00000007c0000000)
 ParOldGen       total 350720K, used 171383K [0x00000006c5000000, 0x00000006da680000, 0x000000076c580000)
  object space 350720K, 48% used [0x00000006c5000000,0x00000006cf75df80,0x00000006da680000)
 Metaspace       used 19876K, capacity 20032K, committed 20480K, reserved 1067008K
  class space    used 1905K, capacity 1959K, committed 2048K, reserved 1048576K
}

